Using pre-set license
Built from '2021.1/staging' branch; Version is '2021.1.2f1 (e5d502d80fbb) revision 15062274'; Using compiler version '192528614'; Build Type 'Release'
OS: 'Windows 10 Home Single Language; OS build 18362.476; Version 1903; 64bit' Language: 'pt' Physical Memory: 16250 MB
BatchMode: 1, IsHumanControllingUs: 0, StartBugReporterOnCrash: 0, Is64bit: 1, IsPro: 0

 COMMAND LINE ARGUMENTS:
C:\Program Files\Unity\Hub\Editor\2021.1.2f1\Editor\Unity.exe
-adb2
-batchMode
-noUpm
-name
AssetImportWorker5
-projectPath
D:/Games/Zero3/Unity/MainLeaf
-logFile
Logs/AssetImportWorker5.log
-srvPort
65032
Successfully changed project path to: D:/Games/Zero3/Unity/MainLeaf
D:/Games/Zero3/Unity/MainLeaf
Using Asset Import Pipeline V2.
Refreshing native plugins compatible for Editor in 490.82 ms, found 3 plugins.
Preloading 0 native plugins for Editor in 0.00 ms.
Initialize engine version: 2021.1.2f1 (e5d502d80fbb)
[Subsystems] Discovering subsystems at path C:/Program Files/Unity/Hub/Editor/2021.1.2f1/Editor/Data/Resources/UnitySubsystems
[Subsystems] Discovering subsystems at path D:/Games/Zero3/Unity/MainLeaf/Assets
GfxDevice: creating device client; threaded=0; jobified=0
Direct3D:
    Version:  Direct3D 11.0 [level 11.1]
    Renderer: NVIDIA GeForce GTX 1050 Ti (ID=0x1c8c)
    Vendor:   NVIDIA
    VRAM:     4018 MB
    Driver:   23.21.13.9125
Initialize mono
Mono path[0] = 'C:/Program Files/Unity/Hub/Editor/2021.1.2f1/Editor/Data/Managed'
Mono path[1] = 'C:/Program Files/Unity/Hub/Editor/2021.1.2f1/Editor/Data/MonoBleedingEdge/lib/mono/unityjit'
Mono config path = 'C:/Program Files/Unity/Hub/Editor/2021.1.2f1/Editor/Data/MonoBleedingEdge/etc'
Using monoOptions --debugger-agent=transport=dt_socket,embedding=1,server=y,suspend=n,address=127.0.0.1:56880
Begin MonoManager ReloadAssembly
Registering precompiled unity dll's ...
Register platform support module: C:/Program Files/Unity/Hub/Editor/2021.1.2f1/Editor/Data/PlaybackEngines/WindowsStandaloneSupport/UnityEditor.WindowsStandalone.Extensions.dll
Registered in 0.008120 seconds.
Native extension for WindowsStandalone target not found
Refreshing native plugins compatible for Editor in 424.88 ms, found 3 plugins.
Preloading 0 native plugins for Editor in 0.00 ms.
Mono: successfully reloaded assembly
- Completed reload, in  3.805 seconds
Platform modules already initialized, skipping
Registering precompiled user dll's ...
Registered in 0.010741 seconds.
Begin MonoManager ReloadAssembly
Native extension for WindowsStandalone target not found
Refreshing native plugins compatible for Editor in 623.80 ms, found 3 plugins.
Preloading 0 native plugins for Editor in 0.00 ms.
Mono: successfully reloaded assembly
- Completed reload, in 11.359 seconds
Platform modules already initialized, skipping
========================================================================
Worker process is ready to serve import requests
Launched and connected shader compiler UnityShaderCompiler.exe after 0.15 seconds
Refreshing native plugins compatible for Editor in 4.55 ms, found 3 plugins.
Preloading 0 native plugins for Editor in 0.00 ms.
Unloading 5213 Unused Serialized files (Serialized files now loaded: 0)
System memory in use before: 276.1 MB.
System memory in use after: 276.4 MB.

Unloading 36 unused Assets to reduce memory usage. Loaded Objects now: 5759.
Total: 18.207400 ms (FindLiveObjects: 1.714400 ms CreateObjectMapping: 1.213400 ms MarkObjects: 14.688400 ms  DeleteObjects: 0.588300 ms)

========================================================================
Received Prepare
Refreshing native plugins compatible for Editor in 12.79 ms, found 3 plugins.
Preloading 0 native plugins for Editor in 0.00 ms.
Unloading 18 Unused Serialized files (Serialized files now loaded: 0)
System memory in use before: 156.9 MB.
System memory in use after: 157.2 MB.

Unloading 17 unused Assets to reduce memory usage. Loaded Objects now: 5759.
Total: 7.865300 ms (FindLiveObjects: 1.091500 ms CreateObjectMapping: 0.824300 ms MarkObjects: 5.695200 ms  DeleteObjects: 0.252200 ms)

========================================================================
Received Import Request.
  path: Assets/Scenes/Gameplay.unity
  artifactKey: Guid(c5db267d0d509714d82fddeb3a636518) Importer(815301076,1909f56bfc062723c751e8b465ee728b)
Start importing Assets/Scenes/Gameplay.unity using Guid(c5db267d0d509714d82fddeb3a636518) Importer(815301076,1909f56bfc062723c751e8b465ee728b)  -> (artifact id: 'cfd68ba7d47d58d21577abc41fae85b2') in 0.154947 seconds 
========================================================================
Received Prepare
Registering precompiled user dll's ...
Registered in 0.015971 seconds.
Begin MonoManager ReloadAssembly
Native extension for WindowsStandalone target not found
Refreshing native plugins compatible for Editor in 4.10 ms, found 3 plugins.
Preloading 0 native plugins for Editor in 0.00 ms.
Mono: successfully reloaded assembly
- Completed reload, in  4.803 seconds
Platform modules already initialized, skipping
Refreshing native plugins compatible for Editor in 3.24 ms, found 3 plugins.
Preloading 0 native plugins for Editor in 0.00 ms.
Unloading 4855 Unused Serialized files (Serialized files now loaded: 0)
System memory in use before: 253.5 MB.
System memory in use after: 253.8 MB.

Unloading 20 unused Assets to reduce memory usage. Loaded Objects now: 5762.
Total: 7.384200 ms (FindLiveObjects: 1.005600 ms CreateObjectMapping: 0.839900 ms MarkObjects: 5.174900 ms  DeleteObjects: 0.360800 ms)

========================================================================
Received Prepare
Registering precompiled user dll's ...
Registered in 0.009623 seconds.
Begin MonoManager ReloadAssembly
Native extension for WindowsStandalone target not found
Refreshing native plugins compatible for Editor in 3.19 ms, found 3 plugins.
Preloading 0 native plugins for Editor in 0.00 ms.
Mono: successfully reloaded assembly
- Completed reload, in  4.786 seconds
Platform modules already initialized, skipping
Refreshing native plugins compatible for Editor in 3.39 ms, found 3 plugins.
Preloading 0 native plugins for Editor in 0.00 ms.
Unloading 4855 Unused Serialized files (Serialized files now loaded: 0)
System memory in use before: 253.6 MB.
System memory in use after: 253.9 MB.

Unloading 20 unused Assets to reduce memory usage. Loaded Objects now: 5765.
Total: 13.901300 ms (FindLiveObjects: 0.950800 ms CreateObjectMapping: 0.897600 ms MarkObjects: 11.806500 ms  DeleteObjects: 0.243800 ms)

========================================================================
Received Prepare
Registering precompiled user dll's ...
Registered in 0.008007 seconds.
Begin MonoManager ReloadAssembly
Native extension for WindowsStandalone target not found
Refreshing native plugins compatible for Editor in 1.37 ms, found 3 plugins.
Preloading 0 native plugins for Editor in 0.00 ms.
Mono: successfully reloaded assembly
- Completed reload, in  3.225 seconds
Platform modules already initialized, skipping
Refreshing native plugins compatible for Editor in 2.79 ms, found 3 plugins.
Preloading 0 native plugins for Editor in 0.00 ms.
Unloading 4855 Unused Serialized files (Serialized files now loaded: 0)
System memory in use before: 253.6 MB.
System memory in use after: 254.0 MB.

Unloading 20 unused Assets to reduce memory usage. Loaded Objects now: 5768.
Total: 7.347500 ms (FindLiveObjects: 0.880600 ms CreateObjectMapping: 0.692600 ms MarkObjects: 5.467500 ms  DeleteObjects: 0.304700 ms)

========================================================================
Received Prepare
Registering precompiled user dll's ...
Registered in 0.008466 seconds.
Begin MonoManager ReloadAssembly
Native extension for WindowsStandalone target not found
Refreshing native plugins compatible for Editor in 2.54 ms, found 3 plugins.
Preloading 0 native plugins for Editor in 0.00 ms.
Mono: successfully reloaded assembly
- Completed reload, in  3.005 seconds
Platform modules already initialized, skipping
Refreshing native plugins compatible for Editor in 1.83 ms, found 3 plugins.
Preloading 0 native plugins for Editor in 0.00 ms.
Unloading 4855 Unused Serialized files (Serialized files now loaded: 0)
System memory in use before: 253.7 MB.
System memory in use after: 254.0 MB.

Unloading 20 unused Assets to reduce memory usage. Loaded Objects now: 5771.
Total: 7.441700 ms (FindLiveObjects: 0.839200 ms CreateObjectMapping: 0.735200 ms MarkObjects: 5.577800 ms  DeleteObjects: 0.287000 ms)

========================================================================
Received Prepare
Registering precompiled user dll's ...
Registered in 0.009354 seconds.
Begin MonoManager ReloadAssembly
Native extension for WindowsStandalone target not found
Refreshing native plugins compatible for Editor in 2.14 ms, found 3 plugins.
Preloading 0 native plugins for Editor in 0.00 ms.
Mono: successfully reloaded assembly
- Completed reload, in  4.645 seconds
Platform modules already initialized, skipping
Refreshing native plugins compatible for Editor in 1.95 ms, found 3 plugins.
Preloading 0 native plugins for Editor in 0.00 ms.
Unloading 4855 Unused Serialized files (Serialized files now loaded: 0)
System memory in use before: 253.5 MB.
System memory in use after: 253.8 MB.

Unloading 20 unused Assets to reduce memory usage. Loaded Objects now: 5774.
Total: 8.458200 ms (FindLiveObjects: 0.997100 ms CreateObjectMapping: 0.886000 ms MarkObjects: 6.180400 ms  DeleteObjects: 0.392800 ms)

========================================================================
Received Prepare
Registering precompiled user dll's ...
Registered in 0.014604 seconds.
Begin MonoManager ReloadAssembly
Native extension for WindowsStandalone target not found
Refreshing native plugins compatible for Editor in 4.25 ms, found 3 plugins.
Preloading 0 native plugins for Editor in 0.00 ms.
Mono: successfully reloaded assembly
- Completed reload, in  5.048 seconds
Platform modules already initialized, skipping
Refreshing native plugins compatible for Editor in 2.62 ms, found 3 plugins.
Preloading 0 native plugins for Editor in 0.00 ms.
Unloading 4855 Unused Serialized files (Serialized files now loaded: 0)
System memory in use before: 253.7 MB.
System memory in use after: 254.0 MB.

Unloading 20 unused Assets to reduce memory usage. Loaded Objects now: 5777.
Total: 7.478300 ms (FindLiveObjects: 0.732200 ms CreateObjectMapping: 0.698600 ms MarkObjects: 5.774100 ms  DeleteObjects: 0.270700 ms)

========================================================================
Received Import Request.
  Time since last request: 9598.474028 seconds.
  path: Assets/Scripts/Gameplay/System
  artifactKey: Guid(615a164c538bb7d438ad3efc0d2e686e) Importer(815301076,1909f56bfc062723c751e8b465ee728b)
Start importing Assets/Scripts/Gameplay/System using Guid(615a164c538bb7d438ad3efc0d2e686e) Importer(815301076,1909f56bfc062723c751e8b465ee728b)  -> (artifact id: '14357dbb618eb59e9c54234c5f118464') in 0.030277 seconds 
========================================================================
Received Prepare
Registering precompiled user dll's ...
Registered in 0.010693 seconds.
Begin MonoManager ReloadAssembly
Native extension for WindowsStandalone target not found
Refreshing native plugins compatible for Editor in 2.95 ms, found 3 plugins.
Preloading 0 native plugins for Editor in 0.00 ms.
Mono: successfully reloaded assembly
- Completed reload, in  4.463 seconds
Platform modules already initialized, skipping
Refreshing native plugins compatible for Editor in 3.38 ms, found 3 plugins.
Preloading 0 native plugins for Editor in 0.00 ms.
Unloading 4855 Unused Serialized files (Serialized files now loaded: 0)
System memory in use before: 253.7 MB.
System memory in use after: 254.0 MB.

Unloading 20 unused Assets to reduce memory usage. Loaded Objects now: 5780.
Total: 12.549900 ms (FindLiveObjects: 1.114000 ms CreateObjectMapping: 0.865900 ms MarkObjects: 10.210700 ms  DeleteObjects: 0.356300 ms)

========================================================================
Received Import Request.
  Time since last request: 44.252128 seconds.
  path: Assets/Scripts/Gameplay/System/HUD.cs
  artifactKey: Guid(169bcc264dab7924f8eb278eea2be971) Importer(815301076,1909f56bfc062723c751e8b465ee728b)
Start importing Assets/Scripts/Gameplay/System/HUD.cs using Guid(169bcc264dab7924f8eb278eea2be971) Importer(815301076,1909f56bfc062723c751e8b465ee728b)  -> (artifact id: 'fe50730750e3f855ba86cd5826c64fc5') in 0.111518 seconds 
========================================================================
Received Prepare
Registering precompiled user dll's ...
Registered in 0.014959 seconds.
Begin MonoManager ReloadAssembly
Native extension for WindowsStandalone target not found
Refreshing native plugins compatible for Editor in 3.20 ms, found 3 plugins.
Preloading 0 native plugins for Editor in 0.00 ms.
Mono: successfully reloaded assembly
- Completed reload, in  4.727 seconds
Platform modules already initialized, skipping
Refreshing native plugins compatible for Editor in 2.89 ms, found 3 plugins.
Preloading 0 native plugins for Editor in 0.00 ms.
Unloading 4855 Unused Serialized files (Serialized files now loaded: 0)
System memory in use before: 253.7 MB.
System memory in use after: 254.1 MB.

Unloading 20 unused Assets to reduce memory usage. Loaded Objects now: 5783.
Total: 33.440300 ms (FindLiveObjects: 1.420700 ms CreateObjectMapping: 1.447800 ms MarkObjects: 30.211200 ms  DeleteObjects: 0.357700 ms)

========================================================================
Received Prepare
Registering precompiled user dll's ...
Registered in 0.007750 seconds.
Begin MonoManager ReloadAssembly
Native extension for WindowsStandalone target not found
Refreshing native plugins compatible for Editor in 3.34 ms, found 3 plugins.
Preloading 0 native plugins for Editor in 0.00 ms.
Mono: successfully reloaded assembly
- Completed reload, in  3.224 seconds
Platform modules already initialized, skipping
Refreshing native plugins compatible for Editor in 2.79 ms, found 3 plugins.
Preloading 0 native plugins for Editor in 0.00 ms.
Unloading 4855 Unused Serialized files (Serialized files now loaded: 0)
System memory in use before: 253.7 MB.
System memory in use after: 254.1 MB.

Unloading 20 unused Assets to reduce memory usage. Loaded Objects now: 5786.
Total: 7.812300 ms (FindLiveObjects: 0.557700 ms CreateObjectMapping: 0.749600 ms MarkObjects: 6.235900 ms  DeleteObjects: 0.267000 ms)

========================================================================
Received Import Request.
  Time since last request: 108.486269 seconds.
  path: Assets/Scripts/Gameplay/Enemies/HitboxEnemy.cs
  artifactKey: Guid(cd53fb34d1a21054fbd6319941db5df8) Importer(815301076,1909f56bfc062723c751e8b465ee728b)
Start importing Assets/Scripts/Gameplay/Enemies/HitboxEnemy.cs using Guid(cd53fb34d1a21054fbd6319941db5df8) Importer(815301076,1909f56bfc062723c751e8b465ee728b)  -> (artifact id: 'f4aeb3430d88eacba2a14a02fbf42934') in 0.011939 seconds 
========================================================================
Received Prepare
Registering precompiled user dll's ...
Registered in 0.012726 seconds.
Begin MonoManager ReloadAssembly
Native extension for WindowsStandalone target not found
Refreshing native plugins compatible for Editor in 1.44 ms, found 3 plugins.
Preloading 0 native plugins for Editor in 0.00 ms.
Mono: successfully reloaded assembly
- Completed reload, in  2.923 seconds
Platform modules already initialized, skipping
Refreshing native plugins compatible for Editor in 2.53 ms, found 3 plugins.
Preloading 0 native plugins for Editor in 0.00 ms.
Unloading 4856 Unused Serialized files (Serialized files now loaded: 0)
System memory in use before: 253.6 MB.
System memory in use after: 253.9 MB.

Unloading 20 unused Assets to reduce memory usage. Loaded Objects now: 5790.
Total: 6.510200 ms (FindLiveObjects: 1.003900 ms CreateObjectMapping: 0.868200 ms MarkObjects: 4.431000 ms  DeleteObjects: 0.204900 ms)

========================================================================
Received Import Request.
  Time since last request: 42.551595 seconds.
  path: Assets/Scripts/Scriptables
  artifactKey: Guid(41a584a62ae3e5445bbad7cfdaf7f752) Importer(815301076,1909f56bfc062723c751e8b465ee728b)
Start importing Assets/Scripts/Scriptables using Guid(41a584a62ae3e5445bbad7cfdaf7f752) Importer(815301076,1909f56bfc062723c751e8b465ee728b)  -> (artifact id: '3c63783a47453a05eec9296e67340a2a') in 0.011410 seconds 
========================================================================
Received Import Request.
  Time since last request: 18.215507 seconds.
  path: Assets/Prefabs/Enemies/SkeletonWarrior.prefab
  artifactKey: Guid(7a9188f58f258c042b7850e0e7669b61) Importer(2089858483,934ff659095e30574adcf32a4c2f97b5)
Start importing Assets/Prefabs/Enemies/SkeletonWarrior.prefab using Guid(7a9188f58f258c042b7850e0e7669b61) Importer(2089858483,934ff659095e30574adcf32a4c2f97b5)  -> (artifact id: 'b2090314b2e0fcde6f1389a958229f5e') in 0.093449 seconds 
========================================================================
Received Import Request.
  Time since last request: 0.000364 seconds.
  path: Assets/Animations/Characters/SkeletonWarrior/SkeletonWarrior_Armed_Walk.anim
  artifactKey: Guid(7790f70ba1e8a1d4a953ca73aed5d360) Importer(2089858483,934ff659095e30574adcf32a4c2f97b5)
Start importing Assets/Animations/Characters/SkeletonWarrior/SkeletonWarrior_Armed_Walk.anim using Guid(7790f70ba1e8a1d4a953ca73aed5d360) Importer(2089858483,934ff659095e30574adcf32a4c2f97b5)  -> (artifact id: 'c2d772bb6a4c43479744e3f3390ebfa7') in 0.009543 seconds 
========================================================================
Received Import Request.
  Time since last request: 0.000385 seconds.
  path: Assets/Animations/Characters/SkeletonWarrior/SkeletonWarrior_Walk.anim
  artifactKey: Guid(f8ed8ed4285ec3e4bbd7bc5fbd7c8cd7) Importer(2089858483,934ff659095e30574adcf32a4c2f97b5)
Start importing Assets/Animations/Characters/SkeletonWarrior/SkeletonWarrior_Walk.anim using Guid(f8ed8ed4285ec3e4bbd7bc5fbd7c8cd7) Importer(2089858483,934ff659095e30574adcf32a4c2f97b5)  -> (artifact id: 'f05a9a6d67af393e7c0ba727783e58e1') in 0.024063 seconds 
========================================================================
Received Import Request.
  Time since last request: 0.000328 seconds.
  path: Assets/Scripts/Scriptables
  artifactKey: Guid(41a584a62ae3e5445bbad7cfdaf7f752) Importer(2089858483,934ff659095e30574adcf32a4c2f97b5)
Start importing Assets/Scripts/Scriptables using Guid(41a584a62ae3e5445bbad7cfdaf7f752) Importer(2089858483,934ff659095e30574adcf32a4c2f97b5)  -> (artifact id: '797244fd498ac12ec17974691ce599ae') in 0.006967 seconds 
========================================================================
Received Import Request.
  Time since last request: 0.000354 seconds.
  path: Assets/Animations/Characters/SkeletonWarrior/SkeletonWarrior.controller
  artifactKey: Guid(a232a997013c11443b978268f7c03c33) Importer(2089858483,934ff659095e30574adcf32a4c2f97b5)
Start importing Assets/Animations/Characters/SkeletonWarrior/SkeletonWarrior.controller using Guid(a232a997013c11443b978268f7c03c33) Importer(2089858483,934ff659095e30574adcf32a4c2f97b5)  -> (artifact id: 'c2c6184184beeddb4e9abde8e99d1ddc') in 0.030791 seconds 
========================================================================
Received Import Request.
  Time since last request: 0.000347 seconds.
  path: Assets/Scenes/Gameplay.unity
  artifactKey: Guid(c5db267d0d509714d82fddeb3a636518) Importer(2089858483,934ff659095e30574adcf32a4c2f97b5)
Start importing Assets/Scenes/Gameplay.unity using Guid(c5db267d0d509714d82fddeb3a636518) Importer(2089858483,934ff659095e30574adcf32a4c2f97b5)  -> (artifact id: '1b90b71df28183f818814eade147cbd0') in 0.006899 seconds 
========================================================================
Received Import Request.
  Time since last request: 0.000368 seconds.
  path: Assets/Scripts/Gameplay/Player/PlayerPhysics.cs
  artifactKey: Guid(00e8c21544e705d46b494e7a6e419677) Importer(2089858483,934ff659095e30574adcf32a4c2f97b5)
Start importing Assets/Scripts/Gameplay/Player/PlayerPhysics.cs using Guid(00e8c21544e705d46b494e7a6e419677) Importer(2089858483,934ff659095e30574adcf32a4c2f97b5)  -> (artifact id: '0187a9ebf8586e1ed99f5f66c5e93738') in 0.019387 seconds 
========================================================================
Received Import Request.
  Time since last request: 0.000416 seconds.
  path: Assets/Scripts/Gameplay/Player/PlayerAnimations.cs
  artifactKey: Guid(299ec688b17617d45865123d7c97055a) Importer(2089858483,934ff659095e30574adcf32a4c2f97b5)
Start importing Assets/Scripts/Gameplay/Player/PlayerAnimations.cs using Guid(299ec688b17617d45865123d7c97055a) Importer(2089858483,934ff659095e30574adcf32a4c2f97b5)  -> (artifact id: '6703e70ccd243cd0ed75b8e43488bb8a') in 0.018862 seconds 
========================================================================
Received Import Request.
  Time since last request: 0.000384 seconds.
  path: Assets/Scripts/Gameplay/Player/PlayerInputs.cs
  artifactKey: Guid(4938ec94089b47746b4777387cee4c15) Importer(2089858483,934ff659095e30574adcf32a4c2f97b5)
Start importing Assets/Scripts/Gameplay/Player/PlayerInputs.cs using Guid(4938ec94089b47746b4777387cee4c15) Importer(2089858483,934ff659095e30574adcf32a4c2f97b5)  -> (artifact id: '7585fdb997e7636392d9325fbb847ee1') in 0.035187 seconds 
========================================================================
Received Import Request.
  Time since last request: 0.000399 seconds.
  path: Assets/Animations/Characters/SkeletonWarrior/SkeletonWarrior_Idle.anim
  artifactKey: Guid(0cade90b1e76fbb42936c0f55ee7ea5a) Importer(2089858483,934ff659095e30574adcf32a4c2f97b5)
Start importing Assets/Animations/Characters/SkeletonWarrior/SkeletonWarrior_Idle.anim using Guid(0cade90b1e76fbb42936c0f55ee7ea5a) Importer(2089858483,934ff659095e30574adcf32a4c2f97b5)  -> (artifact id: 'f7b825e340ce66907d830ea804fae3fa') in 0.024379 seconds 
========================================================================
Received Import Request.
  Time since last request: 0.000344 seconds.
  path: Assets/Animations/Characters/SkeletonWarrior/SkeletonWarrior_Armed_Idle.anim
  artifactKey: Guid(0a6a6b867be743142be49edba48ebb48) Importer(2089858483,934ff659095e30574adcf32a4c2f97b5)
Start importing Assets/Animations/Characters/SkeletonWarrior/SkeletonWarrior_Armed_Idle.anim using Guid(0a6a6b867be743142be49edba48ebb48) Importer(2089858483,934ff659095e30574adcf32a4c2f97b5)  -> (artifact id: '573f04842aafe9e98c481de24647efb8') in 0.019230 seconds 
========================================================================
Received Import Request.
  Time since last request: 0.000347 seconds.
  path: Assets/Scripts/Gameplay/Enemies/SkeletonWarrior.cs
  artifactKey: Guid(6c9998c32d7747045b5c961ef7b1833e) Importer(2089858483,934ff659095e30574adcf32a4c2f97b5)
Start importing Assets/Scripts/Gameplay/Enemies/SkeletonWarrior.cs using Guid(6c9998c32d7747045b5c961ef7b1833e) Importer(2089858483,934ff659095e30574adcf32a4c2f97b5)  -> (artifact id: 'b89958042af97637767dbb5d291e0e45') in 0.047057 seconds 
========================================================================
Received Import Request.
  Time since last request: 0.000396 seconds.
  path: Assets/Scripts/Gameplay/Player/CameraController.cs
  artifactKey: Guid(9b654b05c5efb7a41b0a153c370cf5ba) Importer(2089858483,934ff659095e30574adcf32a4c2f97b5)
Start importing Assets/Scripts/Gameplay/Player/CameraController.cs using Guid(9b654b05c5efb7a41b0a153c370cf5ba) Importer(2089858483,934ff659095e30574adcf32a4c2f97b5)  -> (artifact id: 'b46e8f380437546e3e232491f0f5b2b9') in 0.014495 seconds 
========================================================================
Received Import Request.
  Time since last request: 0.000340 seconds.
  path: Assets/Animations/Characters/SkeletonWarrior/SkeletonWarrior_Armed_Run.anim
  artifactKey: Guid(163109c5f03b73b4484402743f2f3efb) Importer(2089858483,934ff659095e30574adcf32a4c2f97b5)
Start importing Assets/Animations/Characters/SkeletonWarrior/SkeletonWarrior_Armed_Run.anim using Guid(163109c5f03b73b4484402743f2f3efb) Importer(2089858483,934ff659095e30574adcf32a4c2f97b5)  -> (artifact id: '9e499ff65f8aebb87674d7e7995a79af') in 0.007391 seconds 
========================================================================
Received Import Request.
  Time since last request: 0.000381 seconds.
  path: Assets/Scenes/MainMenu.unity
  artifactKey: Guid(3570eac5f05b70e49b378d61c7462bbc) Importer(2089858483,934ff659095e30574adcf32a4c2f97b5)
Start importing Assets/Scenes/MainMenu.unity using Guid(3570eac5f05b70e49b378d61c7462bbc) Importer(2089858483,934ff659095e30574adcf32a4c2f97b5)  -> (artifact id: '83eaf1ce69abebca21d078c21f3d2e67') in 0.066169 seconds 
========================================================================
Received Import Request.
  Time since last request: 0.000370 seconds.
  path: Assets/Scripts/Gameplay/Player/CharacterEvents.cs
  artifactKey: Guid(a806c6829ff0b9543841d9e34da85c78) Importer(2089858483,934ff659095e30574adcf32a4c2f97b5)
Start importing Assets/Scripts/Gameplay/Player/CharacterEvents.cs using Guid(a806c6829ff0b9543841d9e34da85c78) Importer(2089858483,934ff659095e30574adcf32a4c2f97b5)  -> (artifact id: 'bfd185cbfcfdab0ed169d6fcfcb74861') in 0.007076 seconds 
========================================================================
Received Import Request.
  Time since last request: 0.000391 seconds.
  path: Assets/Animations/Characters/SkeletonWarrior/SkeletonWarrior_Die.anim
  artifactKey: Guid(a1ddbb7f2332ed845b145915f6ab016b) Importer(2089858483,934ff659095e30574adcf32a4c2f97b5)
Start importing Assets/Animations/Characters/SkeletonWarrior/SkeletonWarrior_Die.anim using Guid(a1ddbb7f2332ed845b145915f6ab016b) Importer(2089858483,934ff659095e30574adcf32a4c2f97b5)  -> (artifact id: '2b973573ae9ffe2db3234382ea193148') in 0.007303 seconds 
========================================================================
Received Import Request.
  Time since last request: 0.000321 seconds.
  path: Assets/Scripts/AI/AIController.cs
  artifactKey: Guid(1c327251e949b5247a1c779559ecfa15) Importer(2089858483,934ff659095e30574adcf32a4c2f97b5)
Start importing Assets/Scripts/AI/AIController.cs using Guid(1c327251e949b5247a1c779559ecfa15) Importer(2089858483,934ff659095e30574adcf32a4c2f97b5)  -> (artifact id: 'f3b46ab1a01f9849c17c92eda71bb44a') in 0.021222 seconds 
========================================================================
Received Import Request.
  Time since last request: 0.000377 seconds.
  path: Assets/Animations/Characters/SkeletonWarrior/SkeletonWarrior_Attack_Right.anim
  artifactKey: Guid(22fd645be801cdf4b95730b675d612c6) Importer(2089858483,934ff659095e30574adcf32a4c2f97b5)
Start importing Assets/Animations/Characters/SkeletonWarrior/SkeletonWarrior_Attack_Right.anim using Guid(22fd645be801cdf4b95730b675d612c6) Importer(2089858483,934ff659095e30574adcf32a4c2f97b5)  -> (artifact id: 'f1d1f1edb7ed0702985da06579589cf7') in 0.014484 seconds 
========================================================================
Received Import Request.
  Time since last request: 0.000354 seconds.
  path: Assets/Scripts/Gameplay/Player/CharacterAttributes.cs
  artifactKey: Guid(f45b1e57ea4ca8043a03cc6355181ec3) Importer(2089858483,934ff659095e30574adcf32a4c2f97b5)
Start importing Assets/Scripts/Gameplay/Player/CharacterAttributes.cs using Guid(f45b1e57ea4ca8043a03cc6355181ec3) Importer(2089858483,934ff659095e30574adcf32a4c2f97b5)  -> (artifact id: 'a5d7d1ca5c16eb322ad52fffd22f45fa') in 0.045807 seconds 
========================================================================
Received Import Request.
  Time since last request: 0.000323 seconds.
  path: Assets/Scripts/AI/Actions/InitAIController.cs
  artifactKey: Guid(a2f1d7df40a447d4c8e5f7ba084c3e10) Importer(2089858483,934ff659095e30574adcf32a4c2f97b5)
Start importing Assets/Scripts/AI/Actions/InitAIController.cs using Guid(a2f1d7df40a447d4c8e5f7ba084c3e10) Importer(2089858483,934ff659095e30574adcf32a4c2f97b5)  -> (artifact id: '7ccedba7beba73060553a9f4465f94d4') in 0.007062 seconds 
========================================================================
Received Import Request.
  Time since last request: 0.000391 seconds.
  path: Assets/Scripts/Gameplay/Enemies/HitboxEnemy.cs
  artifactKey: Guid(cd53fb34d1a21054fbd6319941db5df8) Importer(2089858483,934ff659095e30574adcf32a4c2f97b5)
Start importing Assets/Scripts/Gameplay/Enemies/HitboxEnemy.cs using Guid(cd53fb34d1a21054fbd6319941db5df8) Importer(2089858483,934ff659095e30574adcf32a4c2f97b5)  -> (artifact id: 'fb5d235a256fbae895665d81894bcf7a') in 0.007230 seconds 
========================================================================
Received Import Request.
  Time since last request: 0.000390 seconds.
  path: Assets/Scripts/Gameplay/AI/Enemy.cs
  artifactKey: Guid(a0fb93be92a5e564e84cc940f65f498f) Importer(2089858483,934ff659095e30574adcf32a4c2f97b5)
Start importing Assets/Scripts/Gameplay/AI/Enemy.cs using Guid(a0fb93be92a5e564e84cc940f65f498f) Importer(2089858483,934ff659095e30574adcf32a4c2f97b5)  -> (artifact id: 'f1a8a5fb2945d1fbcd728ba668c28332') in 0.020005 seconds 
========================================================================
Received Import Request.
  Time since last request: 0.000337 seconds.
  path: Assets/Scripts/Gameplay/Player/ArrowProjectile.cs
  artifactKey: Guid(ba605af357f0d75488ba19bdc64b76f3) Importer(2089858483,934ff659095e30574adcf32a4c2f97b5)
Start importing Assets/Scripts/Gameplay/Player/ArrowProjectile.cs using Guid(ba605af357f0d75488ba19bdc64b76f3) Importer(2089858483,934ff659095e30574adcf32a4c2f97b5)  -> (artifact id: 'e660ae744533a068cd1d7cfde191810a') in 0.007111 seconds 
========================================================================
Received Import Request.
  Time since last request: 0.000372 seconds.
  path: Assets/Scripts/Gameplay/Player/PlayerStatus.cs
  artifactKey: Guid(f1a87d288b636ef4680596249cd6b196) Importer(2089858483,934ff659095e30574adcf32a4c2f97b5)
Start importing Assets/Scripts/Gameplay/Player/PlayerStatus.cs using Guid(f1a87d288b636ef4680596249cd6b196) Importer(2089858483,934ff659095e30574adcf32a4c2f97b5)  -> (artifact id: 'f53162cb5e13075508d2c1ae33e6cbc3') in 0.022196 seconds 
========================================================================
Received Import Request.
  Time since last request: 0.000369 seconds.
  path: Assets/Animations/Characters/SkeletonWarrior/SkeletonWarrior_Attack_Center.anim
  artifactKey: Guid(aa5214903151fdf46aa12422673c7165) Importer(2089858483,934ff659095e30574adcf32a4c2f97b5)
Start importing Assets/Animations/Characters/SkeletonWarrior/SkeletonWarrior_Attack_Center.anim using Guid(aa5214903151fdf46aa12422673c7165) Importer(2089858483,934ff659095e30574adcf32a4c2f97b5)  -> (artifact id: '422b46b40140957520d514d4023636bf') in 0.008200 seconds 
========================================================================
Received Import Request.
  Time since last request: 0.000347 seconds.
  path: Assets/Animations/Characters/SkeletonWarrior/SkeletonWarrior_Attack_Left.anim
  artifactKey: Guid(e82d226bf28b87645bc31a8d7ea800ce) Importer(2089858483,934ff659095e30574adcf32a4c2f97b5)
Start importing Assets/Animations/Characters/SkeletonWarrior/SkeletonWarrior_Attack_Left.anim using Guid(e82d226bf28b87645bc31a8d7ea800ce) Importer(2089858483,934ff659095e30574adcf32a4c2f97b5)  -> (artifact id: '392b1d6e4f4a5a37756d74ed51be6ae3') in 0.038382 seconds 
========================================================================
Received Import Request.
  Time since last request: 21.277476 seconds.
  path: Assets/Scripts/Scriptables/CharacterAttributes.cs
  artifactKey: Guid(f45b1e57ea4ca8043a03cc6355181ec3) Importer(815301076,1909f56bfc062723c751e8b465ee728b)
Start importing Assets/Scripts/Scriptables/CharacterAttributes.cs using Guid(f45b1e57ea4ca8043a03cc6355181ec3) Importer(815301076,1909f56bfc062723c751e8b465ee728b)  -> (artifact id: 'ac6656c18fdf586f19c529380c1b1312') in 0.004384 seconds 
========================================================================
Received Import Request.
  Time since last request: 0.975360 seconds.
  path: Assets/Scripts/Gameplay/AI/EnemyAttributes.cs
  artifactKey: Guid(b7361f95aaba48441be5d0818b5a01ed) Importer(815301076,1909f56bfc062723c751e8b465ee728b)
Start importing Assets/Scripts/Gameplay/AI/EnemyAttributes.cs using Guid(b7361f95aaba48441be5d0818b5a01ed) Importer(815301076,1909f56bfc062723c751e8b465ee728b)  -> (artifact id: '93cf58a623d27c886b1098e90af17f11') in 0.005562 seconds 
========================================================================
Received Prepare
Registering precompiled user dll's ...
Registered in 0.006989 seconds.
Begin MonoManager ReloadAssembly
Native extension for WindowsStandalone target not found
Refreshing native plugins compatible for Editor in 2.43 ms, found 3 plugins.
Preloading 0 native plugins for Editor in 0.00 ms.
Mono: successfully reloaded assembly
- Completed reload, in  2.783 seconds
Platform modules already initialized, skipping
Refreshing native plugins compatible for Editor in 1.68 ms, found 3 plugins.
Preloading 0 native plugins for Editor in 0.00 ms.
Unloading 4856 Unused Serialized files (Serialized files now loaded: 0)
System memory in use before: 253.8 MB.
System memory in use after: 254.1 MB.

Unloading 20 unused Assets to reduce memory usage. Loaded Objects now: 5793.
Total: 6.759300 ms (FindLiveObjects: 0.605000 ms CreateObjectMapping: 0.688700 ms MarkObjects: 5.250600 ms  DeleteObjects: 0.213200 ms)

========================================================================
Received Prepare
Registering precompiled user dll's ...
Registered in 0.010515 seconds.
Begin MonoManager ReloadAssembly
Native extension for WindowsStandalone target not found
Refreshing native plugins compatible for Editor in 2.69 ms, found 3 plugins.
Preloading 0 native plugins for Editor in 0.00 ms.
Mono: successfully reloaded assembly
- Completed reload, in  3.340 seconds
Platform modules already initialized, skipping
Refreshing native plugins compatible for Editor in 2.46 ms, found 3 plugins.
Preloading 0 native plugins for Editor in 0.00 ms.
Unloading 4856 Unused Serialized files (Serialized files now loaded: 0)
System memory in use before: 253.8 MB.
System memory in use after: 254.1 MB.

Unloading 20 unused Assets to reduce memory usage. Loaded Objects now: 5796.
Total: 5.929200 ms (FindLiveObjects: 0.598400 ms CreateObjectMapping: 0.644600 ms MarkObjects: 4.365700 ms  DeleteObjects: 0.318100 ms)

========================================================================
Received Import Request.
  Time since last request: 35.325641 seconds.
  path: Assets/Scripts/Gameplay/Enemies/HitboxEnemy.cs
  artifactKey: Guid(cd53fb34d1a21054fbd6319941db5df8) Importer(2089858483,934ff659095e30574adcf32a4c2f97b5)
Start importing Assets/Scripts/Gameplay/Enemies/HitboxEnemy.cs using Guid(cd53fb34d1a21054fbd6319941db5df8) Importer(2089858483,934ff659095e30574adcf32a4c2f97b5)  -> (artifact id: '584a1a109c6a67e8b451b666c222da2c') in 0.068542 seconds 
========================================================================
Received Prepare
Registering precompiled user dll's ...
Registered in 0.007890 seconds.
Begin MonoManager ReloadAssembly
Native extension for WindowsStandalone target not found
Refreshing native plugins compatible for Editor in 2.00 ms, found 3 plugins.
Preloading 0 native plugins for Editor in 0.00 ms.
Mono: successfully reloaded assembly
- Completed reload, in  2.663 seconds
Platform modules already initialized, skipping
Refreshing native plugins compatible for Editor in 1.59 ms, found 3 plugins.
Preloading 0 native plugins for Editor in 0.00 ms.
Unloading 4856 Unused Serialized files (Serialized files now loaded: 0)
System memory in use before: 253.8 MB.
System memory in use after: 254.1 MB.

Unloading 20 unused Assets to reduce memory usage. Loaded Objects now: 5799.
Total: 5.606800 ms (FindLiveObjects: 0.575600 ms CreateObjectMapping: 0.611900 ms MarkObjects: 4.226700 ms  DeleteObjects: 0.190500 ms)

========================================================================
Received Prepare
Registering precompiled user dll's ...
Registered in 0.007351 seconds.
Begin MonoManager ReloadAssembly
Native extension for WindowsStandalone target not found
Refreshing native plugins compatible for Editor in 1.30 ms, found 3 plugins.
Preloading 0 native plugins for Editor in 0.00 ms.
Mono: successfully reloaded assembly
- Completed reload, in  2.555 seconds
Platform modules already initialized, skipping
Refreshing native plugins compatible for Editor in 1.73 ms, found 3 plugins.
Preloading 0 native plugins for Editor in 0.00 ms.
Unloading 4856 Unused Serialized files (Serialized files now loaded: 0)
System memory in use before: 253.8 MB.
System memory in use after: 254.1 MB.

Unloading 20 unused Assets to reduce memory usage. Loaded Objects now: 5802.
Total: 5.489700 ms (FindLiveObjects: 0.556700 ms CreateObjectMapping: 0.589300 ms MarkObjects: 4.083500 ms  DeleteObjects: 0.258600 ms)

========================================================================
Received Import Request.
  Time since last request: 469.846197 seconds.
  path: Assets/Prefabs/Enemies/SkeletonMage.prefab
  artifactKey: Guid(b8a8c465da76ca041a5f44c2dff87c07) Importer(815301076,1909f56bfc062723c751e8b465ee728b)
Start importing Assets/Prefabs/Enemies/SkeletonMage.prefab using Guid(b8a8c465da76ca041a5f44c2dff87c07) Importer(815301076,1909f56bfc062723c751e8b465ee728b) Launched and connected shader compiler UnityShaderCompiler.exe after 0.05 seconds
Launched and connected shader compiler UnityShaderCompiler.exe after 0.07 seconds
Launched and connected shader compiler UnityShaderCompiler.exe after 0.06 seconds
Launched and connected shader compiler UnityShaderCompiler.exe after 0.05 seconds
Launched and connected shader compiler UnityShaderCompiler.exe after 0.05 seconds
Launched and connected shader compiler UnityShaderCompiler.exe after 0.06 seconds
Launched and connected shader compiler UnityShaderCompiler.exe after 0.05 seconds
 -> (artifact id: 'a6f14f625293f64afc4caf2e08f416af') in 5.030716 seconds 
========================================================================
Received Import Request.
  Time since last request: 0.000351 seconds.
  path: Assets/Prefabs/Enemies/SkeletonWarrior.prefab
  artifactKey: Guid(7a9188f58f258c042b7850e0e7669b61) Importer(815301076,1909f56bfc062723c751e8b465ee728b)
Start importing Assets/Prefabs/Enemies/SkeletonWarrior.prefab using Guid(7a9188f58f258c042b7850e0e7669b61) Importer(815301076,1909f56bfc062723c751e8b465ee728b)  -> (artifact id: '77e68e6e86bdf74736a6a995522a5222') in 0.912575 seconds 
========================================================================
Received Import Request.
  Time since last request: 0.000319 seconds.
  path: Assets/Prefabs/Enemies/SkeletonWarriorOld.prefab
  artifactKey: Guid(92cad38a87203ff41879e4b1c9412e68) Importer(815301076,1909f56bfc062723c751e8b465ee728b)
Start importing Assets/Prefabs/Enemies/SkeletonWarriorOld.prefab using Guid(92cad38a87203ff41879e4b1c9412e68) Importer(815301076,1909f56bfc062723c751e8b465ee728b)  -> (artifact id: 'ddfce263cee82156a0197fe8a896e365') in 0.146569 seconds 
========================================================================
Received Prepare
Registering precompiled user dll's ...
Registered in 0.005708 seconds.
Begin MonoManager ReloadAssembly
Native extension for WindowsStandalone target not found
Refreshing native plugins compatible for Editor in 1.53 ms, found 3 plugins.
Preloading 0 native plugins for Editor in 0.00 ms.
Mono: successfully reloaded assembly
- Completed reload, in  3.223 seconds
Platform modules already initialized, skipping
Refreshing native plugins compatible for Editor in 1.82 ms, found 3 plugins.
Preloading 0 native plugins for Editor in 0.00 ms.
Unloading 4869 Unused Serialized files (Serialized files now loaded: 0)
System memory in use before: 279.6 MB.
System memory in use after: 279.9 MB.

Unloading 20 unused Assets to reduce memory usage. Loaded Objects now: 5946.
Total: 8.622500 ms (FindLiveObjects: 0.944400 ms CreateObjectMapping: 0.777200 ms MarkObjects: 6.641200 ms  DeleteObjects: 0.257500 ms)

========================================================================
Received Import Request.
  Time since last request: 10.434752 seconds.
  path: Assets/Prefabs/Enemies/sword.prefab
  artifactKey: Guid(69ba0cc288b89b546b10bc201b1f67cc) Importer(815301076,1909f56bfc062723c751e8b465ee728b)
Start importing Assets/Prefabs/Enemies/sword.prefab using Guid(69ba0cc288b89b546b10bc201b1f67cc) Importer(815301076,1909f56bfc062723c751e8b465ee728b)  -> (artifact id: '2ebc36599cd5b1d4cc92849c11c6cb2b') in 1.014165 seconds 
========================================================================
Received Import Request.
  Time since last request: 9.761544 seconds.
  path: Assets/Prefabs/Enemies/SkeletonWarrior.prefab
  artifactKey: Guid(7a9188f58f258c042b7850e0e7669b61) Importer(815301076,1909f56bfc062723c751e8b465ee728b)
Start importing Assets/Prefabs/Enemies/SkeletonWarrior.prefab using Guid(7a9188f58f258c042b7850e0e7669b61) Importer(815301076,1909f56bfc062723c751e8b465ee728b)  -> (artifact id: 'a7f3066e7b3dc312d801b4677fa9f488') in 0.389786 seconds 
========================================================================
Received Import Request.
  Time since last request: 27.151604 seconds.
  path: Assets/Prefabs/Enemies/SkeletonWarrior.prefab
  artifactKey: Guid(7a9188f58f258c042b7850e0e7669b61) Importer(815301076,1909f56bfc062723c751e8b465ee728b)
Start importing Assets/Prefabs/Enemies/SkeletonWarrior.prefab using Guid(7a9188f58f258c042b7850e0e7669b61) Importer(815301076,1909f56bfc062723c751e8b465ee728b)  -> (artifact id: '797c2515a6dac1b6727a3b2a46d38a17') in 0.433398 seconds 
========================================================================
Received Import Request.
  Time since last request: 0.000399 seconds.
  path: Assets/Prefabs/Enemies/sword.prefab
  artifactKey: Guid(69ba0cc288b89b546b10bc201b1f67cc) Importer(815301076,1909f56bfc062723c751e8b465ee728b)
Start importing Assets/Prefabs/Enemies/sword.prefab using Guid(69ba0cc288b89b546b10bc201b1f67cc) Importer(815301076,1909f56bfc062723c751e8b465ee728b)  -> (artifact id: 'd79da02cb70cc9f31a7ee31f0532f4d6') in 0.023115 seconds 
========================================================================
Received Import Request.
  Time since last request: 20.015865 seconds.
  path: Assets/Prefabs/Enemies/SkeletonWarrior.prefab
  artifactKey: Guid(7a9188f58f258c042b7850e0e7669b61) Importer(815301076,1909f56bfc062723c751e8b465ee728b)
Start importing Assets/Prefabs/Enemies/SkeletonWarrior.prefab using Guid(7a9188f58f258c042b7850e0e7669b61) Importer(815301076,1909f56bfc062723c751e8b465ee728b)  -> (artifact id: '2041b005caf1f938ede7c094a2a56e44') in 0.488732 seconds 
========================================================================
Received Import Request.
  Time since last request: 0.000399 seconds.
  path: Assets/Prefabs/Enemies/sword.prefab
  artifactKey: Guid(69ba0cc288b89b546b10bc201b1f67cc) Importer(815301076,1909f56bfc062723c751e8b465ee728b)
Start importing Assets/Prefabs/Enemies/sword.prefab using Guid(69ba0cc288b89b546b10bc201b1f67cc) Importer(815301076,1909f56bfc062723c751e8b465ee728b)  -> (artifact id: '89739ebde729bbe019a44d100f7362ef') in 0.027669 seconds 
========================================================================
Received Prepare
Registering precompiled user dll's ...
Registered in 0.009853 seconds.
Begin MonoManager ReloadAssembly
Native extension for WindowsStandalone target not found
Refreshing native plugins compatible for Editor in 2.61 ms, found 3 plugins.
Preloading 0 native plugins for Editor in 0.00 ms.
Mono: successfully reloaded assembly
- Completed reload, in  3.031 seconds
Platform modules already initialized, skipping
Refreshing native plugins compatible for Editor in 2.43 ms, found 3 plugins.
Preloading 0 native plugins for Editor in 0.00 ms.
Unloading 4856 Unused Serialized files (Serialized files now loaded: 0)
System memory in use before: 279.5 MB.
System memory in use after: 279.8 MB.

Unloading 20 unused Assets to reduce memory usage. Loaded Objects now: 6051.
Total: 6.333200 ms (FindLiveObjects: 0.614600 ms CreateObjectMapping: 0.654400 ms MarkObjects: 4.857100 ms  DeleteObjects: 0.205200 ms)

========================================================================
Received Prepare
Registering precompiled user dll's ...
Registered in 0.007498 seconds.
Begin MonoManager ReloadAssembly
Native extension for WindowsStandalone target not found
Refreshing native plugins compatible for Editor in 2.25 ms, found 3 plugins.
Preloading 0 native plugins for Editor in 0.00 ms.
Mono: successfully reloaded assembly
- Completed reload, in  2.555 seconds
Platform modules already initialized, skipping
Refreshing native plugins compatible for Editor in 2.46 ms, found 3 plugins.
Preloading 0 native plugins for Editor in 0.00 ms.
Unloading 4856 Unused Serialized files (Serialized files now loaded: 0)
System memory in use before: 279.5 MB.
System memory in use after: 279.8 MB.

Unloading 20 unused Assets to reduce memory usage. Loaded Objects now: 6054.
Total: 8.702000 ms (FindLiveObjects: 0.962100 ms CreateObjectMapping: 0.895200 ms MarkObjects: 6.583900 ms  DeleteObjects: 0.258400 ms)

========================================================================
Received Prepare
Registering precompiled user dll's ...
Registered in 0.007529 seconds.
Begin MonoManager ReloadAssembly
Native extension for WindowsStandalone target not found
Refreshing native plugins compatible for Editor in 1.34 ms, found 3 plugins.
Preloading 0 native plugins for Editor in 0.00 ms.
Mono: successfully reloaded assembly
- Completed reload, in  2.436 seconds
Platform modules already initialized, skipping
Refreshing native plugins compatible for Editor in 1.93 ms, found 3 plugins.
Preloading 0 native plugins for Editor in 0.00 ms.
Unloading 4856 Unused Serialized files (Serialized files now loaded: 0)
System memory in use before: 279.3 MB.
System memory in use after: 279.6 MB.

Unloading 20 unused Assets to reduce memory usage. Loaded Objects now: 6057.
Total: 7.073000 ms (FindLiveObjects: 0.616600 ms CreateObjectMapping: 0.609000 ms MarkObjects: 5.570200 ms  DeleteObjects: 0.274900 ms)

========================================================================
Received Prepare
Registering precompiled user dll's ...
Registered in 0.011966 seconds.
Begin MonoManager ReloadAssembly
Native extension for WindowsStandalone target not found
Refreshing native plugins compatible for Editor in 3.01 ms, found 3 plugins.
Preloading 0 native plugins for Editor in 0.00 ms.
Mono: successfully reloaded assembly
- Completed reload, in  4.413 seconds
Platform modules already initialized, skipping
Refreshing native plugins compatible for Editor in 2.96 ms, found 3 plugins.
Preloading 0 native plugins for Editor in 0.00 ms.
Unloading 4856 Unused Serialized files (Serialized files now loaded: 0)
System memory in use before: 279.3 MB.
System memory in use after: 279.6 MB.

Unloading 20 unused Assets to reduce memory usage. Loaded Objects now: 6060.
Total: 7.432700 ms (FindLiveObjects: 0.709900 ms CreateObjectMapping: 0.739700 ms MarkObjects: 5.713600 ms  DeleteObjects: 0.267800 ms)

========================================================================
Received Prepare
Registering precompiled user dll's ...
Registered in 0.007985 seconds.
Begin MonoManager ReloadAssembly
Native extension for WindowsStandalone target not found
Refreshing native plugins compatible for Editor in 1.46 ms, found 3 plugins.
Preloading 0 native plugins for Editor in 0.00 ms.
Mono: successfully reloaded assembly
- Completed reload, in  2.860 seconds
Platform modules already initialized, skipping
Refreshing native plugins compatible for Editor in 2.83 ms, found 3 plugins.
Preloading 0 native plugins for Editor in 0.00 ms.
Unloading 4856 Unused Serialized files (Serialized files now loaded: 0)
System memory in use before: 279.1 MB.
System memory in use after: 279.5 MB.

Unloading 20 unused Assets to reduce memory usage. Loaded Objects now: 6063.
Total: 10.154700 ms (FindLiveObjects: 0.734300 ms CreateObjectMapping: 0.693400 ms MarkObjects: 8.285100 ms  DeleteObjects: 0.439400 ms)

========================================================================
Received Prepare
Registering precompiled user dll's ...
Registered in 0.005212 seconds.
Begin MonoManager ReloadAssembly
Native extension for WindowsStandalone target not found
Refreshing native plugins compatible for Editor in 1.37 ms, found 3 plugins.
Preloading 0 native plugins for Editor in 0.00 ms.
Mono: successfully reloaded assembly
- Completed reload, in  3.456 seconds
Platform modules already initialized, skipping
Refreshing native plugins compatible for Editor in 2.26 ms, found 3 plugins.
Preloading 0 native plugins for Editor in 0.00 ms.
Unloading 4856 Unused Serialized files (Serialized files now loaded: 0)
System memory in use before: 279.3 MB.
System memory in use after: 279.7 MB.

Unloading 20 unused Assets to reduce memory usage. Loaded Objects now: 6066.
Total: 8.144800 ms (FindLiveObjects: 0.999300 ms CreateObjectMapping: 0.755000 ms MarkObjects: 6.084200 ms  DeleteObjects: 0.303000 ms)

========================================================================
Received Import Request.
  Time since last request: 1368.152534 seconds.
  path: Assets/Scripts/AI/Conditions/TargetIsAlive.cs
  artifactKey: Guid(fdbeed88a3962094b8cd8bf892f4c8f4) Importer(815301076,1909f56bfc062723c751e8b465ee728b)
Start importing Assets/Scripts/AI/Conditions/TargetIsAlive.cs using Guid(fdbeed88a3962094b8cd8bf892f4c8f4) Importer(815301076,1909f56bfc062723c751e8b465ee728b)  -> (artifact id: '0ffb3275da7e6fef1b06772e82ebb8e5') in 0.015343 seconds 
========================================================================
Received Prepare
Registering precompiled user dll's ...
Registered in 0.006293 seconds.
Begin MonoManager ReloadAssembly
Native extension for WindowsStandalone target not found
Refreshing native plugins compatible for Editor in 1.79 ms, found 3 plugins.
Preloading 0 native plugins for Editor in 0.00 ms.
Mono: successfully reloaded assembly
- Completed reload, in  2.958 seconds
Platform modules already initialized, skipping
Refreshing native plugins compatible for Editor in 1.87 ms, found 3 plugins.
Preloading 0 native plugins for Editor in 0.00 ms.
Unloading 4857 Unused Serialized files (Serialized files now loaded: 0)
System memory in use before: 279.4 MB.
System memory in use after: 279.7 MB.

Unloading 20 unused Assets to reduce memory usage. Loaded Objects now: 6070.
Total: 8.990400 ms (FindLiveObjects: 0.997300 ms CreateObjectMapping: 0.787500 ms MarkObjects: 6.912700 ms  DeleteObjects: 0.290200 ms)

========================================================================
Received Prepare
Registering precompiled user dll's ...
Registered in 0.005519 seconds.
Begin MonoManager ReloadAssembly
Native extension for WindowsStandalone target not found
Refreshing native plugins compatible for Editor in 2.28 ms, found 3 plugins.
Preloading 0 native plugins for Editor in 0.00 ms.
Mono: successfully reloaded assembly
- Completed reload, in  2.899 seconds
Platform modules already initialized, skipping
Refreshing native plugins compatible for Editor in 2.39 ms, found 3 plugins.
Preloading 0 native plugins for Editor in 0.00 ms.
Unloading 4857 Unused Serialized files (Serialized files now loaded: 0)
System memory in use before: 279.4 MB.
System memory in use after: 279.7 MB.

Unloading 20 unused Assets to reduce memory usage. Loaded Objects now: 6073.
Total: 8.543700 ms (FindLiveObjects: 1.080900 ms CreateObjectMapping: 0.752300 ms MarkObjects: 6.389100 ms  DeleteObjects: 0.318600 ms)

========================================================================
Received Import Request.
  Time since last request: 524.776492 seconds.
  path: Assets/Scripts/AI/Conditions/TargetIsAlive.cs
  artifactKey: Guid(fdbeed88a3962094b8cd8bf892f4c8f4) Importer(815301076,1909f56bfc062723c751e8b465ee728b)
Start importing Assets/Scripts/AI/Conditions/TargetIsAlive.cs using Guid(fdbeed88a3962094b8cd8bf892f4c8f4) Importer(815301076,1909f56bfc062723c751e8b465ee728b)  -> (artifact id: '742f8cf734e62cbc242d53527acc714f') in 0.009538 seconds 
========================================================================
Received Prepare
Registering precompiled user dll's ...
Registered in 0.007215 seconds.
Begin MonoManager ReloadAssembly
Native extension for WindowsStandalone target not found
Refreshing native plugins compatible for Editor in 2.66 ms, found 3 plugins.
Preloading 0 native plugins for Editor in 0.00 ms.
Mono: successfully reloaded assembly
- Completed reload, in  2.886 seconds
Platform modules already initialized, skipping
Refreshing native plugins compatible for Editor in 2.86 ms, found 3 plugins.
Preloading 0 native plugins for Editor in 0.00 ms.
Unloading 4857 Unused Serialized files (Serialized files now loaded: 0)
System memory in use before: 279.4 MB.
System memory in use after: 279.7 MB.

Unloading 20 unused Assets to reduce memory usage. Loaded Objects now: 6076.
Total: 10.930500 ms (FindLiveObjects: 0.953800 ms CreateObjectMapping: 0.780200 ms MarkObjects: 8.910200 ms  DeleteObjects: 0.284300 ms)

========================================================================
Received Prepare
Registering precompiled user dll's ...
Registered in 0.016551 seconds.
Begin MonoManager ReloadAssembly
Native extension for WindowsStandalone target not found
Refreshing native plugins compatible for Editor in 3.20 ms, found 3 plugins.
Preloading 0 native plugins for Editor in 0.00 ms.
Mono: successfully reloaded assembly
- Completed reload, in  5.129 seconds
Platform modules already initialized, skipping
Refreshing native plugins compatible for Editor in 6.01 ms, found 3 plugins.
Preloading 0 native plugins for Editor in 0.00 ms.
Unloading 4857 Unused Serialized files (Serialized files now loaded: 0)
System memory in use before: 279.2 MB.
System memory in use after: 279.5 MB.

Unloading 20 unused Assets to reduce memory usage. Loaded Objects now: 6079.
Total: 34.095600 ms (FindLiveObjects: 9.666800 ms CreateObjectMapping: 2.004700 ms MarkObjects: 21.653800 ms  DeleteObjects: 0.762700 ms)

========================================================================
Received Prepare
Registering precompiled user dll's ...
Registered in 0.009170 seconds.
Begin MonoManager ReloadAssembly
Native extension for WindowsStandalone target not found
Refreshing native plugins compatible for Editor in 2.60 ms, found 3 plugins.
Preloading 0 native plugins for Editor in 0.00 ms.
Mono: successfully reloaded assembly
- Completed reload, in  3.220 seconds
Platform modules already initialized, skipping
Refreshing native plugins compatible for Editor in 2.44 ms, found 3 plugins.
Preloading 0 native plugins for Editor in 0.00 ms.
Unloading 4857 Unused Serialized files (Serialized files now loaded: 0)
System memory in use before: 279.4 MB.
System memory in use after: 279.7 MB.

Unloading 20 unused Assets to reduce memory usage. Loaded Objects now: 6082.
Total: 9.501000 ms (FindLiveObjects: 0.888700 ms CreateObjectMapping: 0.815700 ms MarkObjects: 7.163800 ms  DeleteObjects: 0.628600 ms)

========================================================================
Received Prepare
Registering precompiled user dll's ...
Registered in 0.008681 seconds.
Begin MonoManager ReloadAssembly
Native extension for WindowsStandalone target not found
Refreshing native plugins compatible for Editor in 2.72 ms, found 3 plugins.
Preloading 0 native plugins for Editor in 0.00 ms.
Mono: successfully reloaded assembly
- Completed reload, in  3.740 seconds
Platform modules already initialized, skipping
Refreshing native plugins compatible for Editor in 3.02 ms, found 3 plugins.
Preloading 0 native plugins for Editor in 0.00 ms.
Unloading 4857 Unused Serialized files (Serialized files now loaded: 0)
System memory in use before: 279.4 MB.
System memory in use after: 279.7 MB.

Unloading 20 unused Assets to reduce memory usage. Loaded Objects now: 6085.
Total: 9.629400 ms (FindLiveObjects: 0.962100 ms CreateObjectMapping: 0.686600 ms MarkObjects: 7.689700 ms  DeleteObjects: 0.289300 ms)

========================================================================
Received Prepare
Registering precompiled user dll's ...
Registered in 0.007474 seconds.
Begin MonoManager ReloadAssembly
Native extension for WindowsStandalone target not found
Refreshing native plugins compatible for Editor in 2.47 ms, found 3 plugins.
Preloading 0 native plugins for Editor in 0.00 ms.
Mono: successfully reloaded assembly
- Completed reload, in  2.801 seconds
Platform modules already initialized, skipping
Refreshing native plugins compatible for Editor in 1.87 ms, found 3 plugins.
Preloading 0 native plugins for Editor in 0.00 ms.
Unloading 4857 Unused Serialized files (Serialized files now loaded: 0)
System memory in use before: 279.4 MB.
System memory in use after: 279.8 MB.

Unloading 20 unused Assets to reduce memory usage. Loaded Objects now: 6088.
Total: 6.587500 ms (FindLiveObjects: 0.982900 ms CreateObjectMapping: 0.650600 ms MarkObjects: 4.747200 ms  DeleteObjects: 0.204400 ms)

========================================================================
Received Prepare
Registering precompiled user dll's ...
Registered in 0.007292 seconds.
Begin MonoManager ReloadAssembly
Native extension for WindowsStandalone target not found
Refreshing native plugins compatible for Editor in 1.73 ms, found 3 plugins.
Preloading 0 native plugins for Editor in 0.00 ms.
Mono: successfully reloaded assembly
- Completed reload, in  3.160 seconds
Platform modules already initialized, skipping
Refreshing native plugins compatible for Editor in 2.19 ms, found 3 plugins.
Preloading 0 native plugins for Editor in 0.00 ms.
Unloading 4857 Unused Serialized files (Serialized files now loaded: 0)
System memory in use before: 279.4 MB.
System memory in use after: 279.8 MB.

Unloading 20 unused Assets to reduce memory usage. Loaded Objects now: 6091.
Total: 8.806300 ms (FindLiveObjects: 0.736700 ms CreateObjectMapping: 0.826100 ms MarkObjects: 7.012200 ms  DeleteObjects: 0.229000 ms)

========================================================================
Received Prepare
Registering precompiled user dll's ...
Registered in 0.008165 seconds.
Begin MonoManager ReloadAssembly
Native extension for WindowsStandalone target not found
Refreshing native plugins compatible for Editor in 2.66 ms, found 3 plugins.
Preloading 0 native plugins for Editor in 0.00 ms.
Mono: successfully reloaded assembly
- Completed reload, in  3.046 seconds
Platform modules already initialized, skipping
Refreshing native plugins compatible for Editor in 2.50 ms, found 3 plugins.
Preloading 0 native plugins for Editor in 0.00 ms.
Unloading 4857 Unused Serialized files (Serialized files now loaded: 0)
System memory in use before: 279.3 MB.
System memory in use after: 279.6 MB.

Unloading 20 unused Assets to reduce memory usage. Loaded Objects now: 6094.
Total: 7.871800 ms (FindLiveObjects: 0.829300 ms CreateObjectMapping: 0.643500 ms MarkObjects: 6.134600 ms  DeleteObjects: 0.262200 ms)

========================================================================
Received Prepare
Registering precompiled user dll's ...
Registered in 0.007571 seconds.
Begin MonoManager ReloadAssembly
Native extension for WindowsStandalone target not found
Refreshing native plugins compatible for Editor in 1.41 ms, found 3 plugins.
Preloading 0 native plugins for Editor in 0.00 ms.
Mono: successfully reloaded assembly
- Completed reload, in  2.720 seconds
Platform modules already initialized, skipping
Refreshing native plugins compatible for Editor in 2.30 ms, found 3 plugins.
Preloading 0 native plugins for Editor in 0.00 ms.
Unloading 4857 Unused Serialized files (Serialized files now loaded: 0)
System memory in use before: 279.5 MB.
System memory in use after: 279.8 MB.

Unloading 20 unused Assets to reduce memory usage. Loaded Objects now: 6097.
Total: 7.081200 ms (FindLiveObjects: 0.911700 ms CreateObjectMapping: 0.585000 ms MarkObjects: 5.323100 ms  DeleteObjects: 0.256100 ms)

========================================================================
Received Import Request.
  Time since last request: 4135.230107 seconds.
  path: Assets/_TerrainAutoUpgrade
  artifactKey: Guid(80afcb42f5645114287237698ba9eb45) Importer(815301076,1909f56bfc062723c751e8b465ee728b)
Start importing Assets/_TerrainAutoUpgrade using Guid(80afcb42f5645114287237698ba9eb45) Importer(815301076,1909f56bfc062723c751e8b465ee728b)  -> (artifact id: '560e3ab222b899ff1c4d8a3c8694d98a') in 0.018718 seconds 
========================================================================
Received Import Request.
  Time since last request: 17.672038 seconds.
  path: Assets/Scripts/AI/Conditions/WithinChaseRange.cs
  artifactKey: Guid(363d6a59b9b576245977f95db45d90ac) Importer(815301076,1909f56bfc062723c751e8b465ee728b)
Start importing Assets/Scripts/AI/Conditions/WithinChaseRange.cs using Guid(363d6a59b9b576245977f95db45d90ac) Importer(815301076,1909f56bfc062723c751e8b465ee728b)  -> (artifact id: 'e30f602745d3b0759bb2c25942e00102') in 0.006078 seconds 
========================================================================
Received Prepare
Registering precompiled user dll's ...
Registered in 0.005513 seconds.
Begin MonoManager ReloadAssembly
Native extension for WindowsStandalone target not found
Refreshing native plugins compatible for Editor in 2.68 ms, found 3 plugins.
Preloading 0 native plugins for Editor in 0.00 ms.
Mono: successfully reloaded assembly
- Completed reload, in  2.689 seconds
Platform modules already initialized, skipping
Refreshing native plugins compatible for Editor in 2.35 ms, found 3 plugins.
Preloading 0 native plugins for Editor in 0.00 ms.
Unloading 4857 Unused Serialized files (Serialized files now loaded: 0)
System memory in use before: 279.5 MB.
System memory in use after: 279.8 MB.

Unloading 20 unused Assets to reduce memory usage. Loaded Objects now: 6100.
Total: 6.425100 ms (FindLiveObjects: 0.668600 ms CreateObjectMapping: 0.723500 ms MarkObjects: 4.724000 ms  DeleteObjects: 0.307300 ms)

AssetImportWorkerClient::OnTransportError - code=2 error=End of file
