Using pre-set license
Built from '2021.1/staging' branch; Version is '2021.1.2f1 (e5d502d80fbb) revision 15062274'; Using compiler version '192528614'; Build Type 'Release'
OS: 'Windows 10 Home Single Language; OS build 18362.476; Version 1903; 64bit' Language: 'pt' Physical Memory: 16250 MB
BatchMode: 1, IsHumanControllingUs: 0, StartBugReporterOnCrash: 0, Is64bit: 1, IsPro: 0

 COMMAND LINE ARGUMENTS:
C:\Program Files\Unity\Hub\Editor\2021.1.2f1\Editor\Unity.exe
-adb2
-batchMode
-noUpm
-name
AssetImportWorker28
-projectPath
D:/Games/Zero3/Unity/MainLeaf
-logFile
Logs/AssetImportWorker28.log
-srvPort
64293
Successfully changed project path to: D:/Games/Zero3/Unity/MainLeaf
D:/Games/Zero3/Unity/MainLeaf
Using Asset Import Pipeline V2.
Refreshing native plugins compatible for Editor in 306.39 ms, found 0 plugins.
Preloading 0 native plugins for Editor in 0.00 ms.
Initialize engine version: 2021.1.2f1 (e5d502d80fbb)
[Subsystems] Discovering subsystems at path C:/Program Files/Unity/Hub/Editor/2021.1.2f1/Editor/Data/Resources/UnitySubsystems
[Subsystems] Discovering subsystems at path D:/Games/Zero3/Unity/MainLeaf/Assets
GfxDevice: creating device client; threaded=0; jobified=0
Direct3D:
    Version:  Direct3D 11.0 [level 11.1]
    Renderer: NVIDIA GeForce GTX 1050 Ti (ID=0x1c8c)
    Vendor:   NVIDIA
    VRAM:     4018 MB
    Driver:   23.21.13.9125
Initialize mono
Mono path[0] = 'C:/Program Files/Unity/Hub/Editor/2021.1.2f1/Editor/Data/Managed'
Mono path[1] = 'C:/Program Files/Unity/Hub/Editor/2021.1.2f1/Editor/Data/MonoBleedingEdge/lib/mono/unityjit'
Mono config path = 'C:/Program Files/Unity/Hub/Editor/2021.1.2f1/Editor/Data/MonoBleedingEdge/etc'
Using monoOptions --debugger-agent=transport=dt_socket,embedding=1,server=y,suspend=n,address=127.0.0.1:56256
Begin MonoManager ReloadAssembly
Registering precompiled unity dll's ...
Register platform support module: C:/Program Files/Unity/Hub/Editor/2021.1.2f1/Editor/Data/PlaybackEngines/WindowsStandaloneSupport/UnityEditor.WindowsStandalone.Extensions.dll
Registered in 0.002862 seconds.
Native extension for WindowsStandalone target not found
Refreshing native plugins compatible for Editor in 175.24 ms, found 0 plugins.
Preloading 0 native plugins for Editor in 0.00 ms.
Mono: successfully reloaded assembly
- Completed reload, in  1.674 seconds
Platform modules already initialized, skipping
Registering precompiled user dll's ...
Registered in 0.003426 seconds.
Begin MonoManager ReloadAssembly
Native extension for WindowsStandalone target not found
Refreshing native plugins compatible for Editor in 167.58 ms, found 0 plugins.
Preloading 0 native plugins for Editor in 0.00 ms.
Mono: successfully reloaded assembly
- Completed reload, in  3.155 seconds
Platform modules already initialized, skipping
========================================================================
Worker process is ready to serve import requests
Launched and connected shader compiler UnityShaderCompiler.exe after 0.06 seconds
Refreshing native plugins compatible for Editor in 2.62 ms, found 0 plugins.
Preloading 0 native plugins for Editor in 0.00 ms.
Unloading 4485 Unused Serialized files (Serialized files now loaded: 0)
System memory in use before: 251.5 MB.
System memory in use after: 251.6 MB.

Unloading 27 unused Assets to reduce memory usage. Loaded Objects now: 5016.
Total: 8.520900 ms (FindLiveObjects: 0.778100 ms CreateObjectMapping: 0.844500 ms MarkObjects: 6.645900 ms  DeleteObjects: 0.249900 ms)

========================================================================
Received Import Request.
  path: Assets/VFX/SmokeB.vfx
  artifactKey: Guid(28e8e8a242d7ddd409eb8dd648e1d21f) Importer(815301076,1909f56bfc062723c751e8b465ee728b)
Start importing Assets/VFX/SmokeB.vfx using Guid(28e8e8a242d7ddd409eb8dd648e1d21f) Importer(815301076,1909f56bfc062723c751e8b465ee728b)  -> (artifact id: '3fc5f9313df6af99e20221f7653f9aaf') in 0.109393 seconds 
========================================================================
Received Import Request.
  Time since last request: 0.000523 seconds.
  path: Assets/VFX/Fire.vfx
  artifactKey: Guid(7910204b4d1d518479abeeb85147bea4) Importer(815301076,1909f56bfc062723c751e8b465ee728b)
Start importing Assets/VFX/Fire.vfx using Guid(7910204b4d1d518479abeeb85147bea4) Importer(815301076,1909f56bfc062723c751e8b465ee728b)  -> (artifact id: 'ffe28fee1af8c6ce68c9621fc47f23e3') in 0.054481 seconds 
========================================================================
Received Import Request.
  Time since last request: 0.000531 seconds.
  path: Assets/VFX/Smoke.vfx
  artifactKey: Guid(6cdf940ddb4a0044aaa29908de292565) Importer(815301076,1909f56bfc062723c751e8b465ee728b)
Start importing Assets/VFX/Smoke.vfx using Guid(6cdf940ddb4a0044aaa29908de292565) Importer(815301076,1909f56bfc062723c751e8b465ee728b)  -> (artifact id: '05eb93562afaf8ea14fa777e76d5b851') in 0.060775 seconds 
========================================================================
Received Import Request.
  Time since last request: 89.424249 seconds.
  path: Assets/ImportAssets/CartoonFx/Cartoon FX/Materials/Stretched/CFX3_Ray MULT.mat
  artifactKey: Guid(118c317da13d42a458832f85960e9081) Importer(815301076,1909f56bfc062723c751e8b465ee728b)
Start importing Assets/ImportAssets/CartoonFx/Cartoon FX/Materials/Stretched/CFX3_Ray MULT.mat using Guid(118c317da13d42a458832f85960e9081) Importer(815301076,1909f56bfc062723c751e8b465ee728b) Launched and connected shader compiler UnityShaderCompiler.exe after 0.12 seconds
Launched and connected shader compiler UnityShaderCompiler.exe after 0.06 seconds
Launched and connected shader compiler UnityShaderCompiler.exe after 0.07 seconds
Launched and connected shader compiler UnityShaderCompiler.exe after 0.11 seconds
Launched and connected shader compiler UnityShaderCompiler.exe after 0.06 seconds
Launched and connected shader compiler UnityShaderCompiler.exe after 0.09 seconds
Launched and connected shader compiler UnityShaderCompiler.exe after 0.09 seconds
 -> (artifact id: '15e07667b60ea56417b325ec849700bb') in 3.399378 seconds 
========================================================================
Received Prepare
Registering precompiled user dll's ...
Registered in 0.003883 seconds.
Begin MonoManager ReloadAssembly
Native extension for WindowsStandalone target not found
Refreshing native plugins compatible for Editor in 76.14 ms, found 0 plugins.
Preloading 0 native plugins for Editor in 0.00 ms.
Mono: successfully reloaded assembly
- Completed reload, in 38.215 seconds
Platform modules already initialized, skipping
Refreshing native plugins compatible for Editor in 2.62 ms, found 0 plugins.
Preloading 0 native plugins for Editor in 0.00 ms.
Unloading 4149 Unused Serialized files (Serialized files now loaded: 0)
System memory in use before: 241.9 MB.
System memory in use after: 242.1 MB.

Unloading 11 unused Assets to reduce memory usage. Loaded Objects now: 5190.
Total: 29.431200 ms (FindLiveObjects: 0.931200 ms CreateObjectMapping: 1.009800 ms MarkObjects: 27.131200 ms  DeleteObjects: 0.356500 ms)

========================================================================
Received Import Request.
  Time since last request: 409.520069 seconds.
  path: Assets/ImportAssets/Mini Skeleton/Characters/Materials/king/king_eyes.mat
  artifactKey: Guid(f2f9488c6793a72419a5f44374e33cd4) Importer(815301076,1909f56bfc062723c751e8b465ee728b)
Start importing Assets/ImportAssets/Mini Skeleton/Characters/Materials/king/king_eyes.mat using Guid(f2f9488c6793a72419a5f44374e33cd4) Importer(815301076,1909f56bfc062723c751e8b465ee728b)  -> (artifact id: '0a5dfeec85a7afb3983f4dd34745c6b0') in 4.458303 seconds 
========================================================================
Received Import Request.
  Time since last request: 0.000907 seconds.
  path: Assets/ImportAssets/Castle/Prefabs/Single Cubes/Castle Cube King  1.prefab
  artifactKey: Guid(71c80115d932ff449925a588ddfa26c3) Importer(815301076,1909f56bfc062723c751e8b465ee728b)
Start importing Assets/ImportAssets/Castle/Prefabs/Single Cubes/Castle Cube King  1.prefab using Guid(71c80115d932ff449925a588ddfa26c3) Importer(815301076,1909f56bfc062723c751e8b465ee728b)  -> (artifact id: 'ac9d26f30ad99951e290e1c8d6f2776f') in 0.398805 seconds 
========================================================================
Received Import Request.
  Time since last request: 0.000360 seconds.
  path: Assets/ImportAssets/Mini Skeleton/Characters/Materials/king/king_base.mat
  artifactKey: Guid(9b026b0b4530af942b470be873b6875c) Importer(815301076,1909f56bfc062723c751e8b465ee728b)
Start importing Assets/ImportAssets/Mini Skeleton/Characters/Materials/king/king_base.mat using Guid(9b026b0b4530af942b470be873b6875c) Importer(815301076,1909f56bfc062723c751e8b465ee728b)  -> (artifact id: 'ebde32aed826d25c1e814f166ade50bb') in 0.100385 seconds 
========================================================================
Received Import Request.
  Time since last request: 0.001700 seconds.
  path: Assets/ImportAssets/Mini Skeleton/Characters/Materials/king/king_sword_cloak.mat
  artifactKey: Guid(55c84f3926476194b9c91bef24502ce2) Importer(815301076,1909f56bfc062723c751e8b465ee728b)
Start importing Assets/ImportAssets/Mini Skeleton/Characters/Materials/king/king_sword_cloak.mat using Guid(55c84f3926476194b9c91bef24502ce2) Importer(815301076,1909f56bfc062723c751e8b465ee728b)  -> (artifact id: '99c82391118cd01fea702d259a38b715') in 0.233633 seconds 
========================================================================
Received Import Request.
  Time since last request: 0.000579 seconds.
  path: Assets/ImportAssets/Castle/Fbx/Single Cubes/Castle Cube King  1.fbx
  artifactKey: Guid(93fd77dc6cdd44541b940c79be4dd10f) Importer(815301076,1909f56bfc062723c751e8b465ee728b)
Start importing Assets/ImportAssets/Castle/Fbx/Single Cubes/Castle Cube King  1.fbx using Guid(93fd77dc6cdd44541b940c79be4dd10f) Importer(815301076,1909f56bfc062723c751e8b465ee728b)  -> (artifact id: '9abcb951c42ccd3b6e99c72a681cc78e') in 0.298939 seconds 
========================================================================
Received Import Request.
  Time since last request: 0.000360 seconds.
  path: Assets/ImportAssets/Mini Skeleton/Characters/Materials/king/king_armor.mat
  artifactKey: Guid(9efdbadf77226524ab88a057a97a23d6) Importer(815301076,1909f56bfc062723c751e8b465ee728b)
Start importing Assets/ImportAssets/Mini Skeleton/Characters/Materials/king/king_armor.mat using Guid(9efdbadf77226524ab88a057a97a23d6) Importer(815301076,1909f56bfc062723c751e8b465ee728b)  -> (artifact id: '4f4c1332f633afe343e0ae4633257488') in 0.335068 seconds 
========================================================================
Received Import Request.
  Time since last request: 56.284300 seconds.
  path: Assets/ImportAssets/Mini Skeleton/Characters/Prefabs(regular)/grunt
  artifactKey: Guid(5c655a5acb216224195e392f36b217f9) Importer(815301076,1909f56bfc062723c751e8b465ee728b)
Start importing Assets/ImportAssets/Mini Skeleton/Characters/Prefabs(regular)/grunt using Guid(5c655a5acb216224195e392f36b217f9) Importer(815301076,1909f56bfc062723c751e8b465ee728b)  -> (artifact id: '48826ae86fa425637d82611ffd0d0434') in 0.229202 seconds 
========================================================================
Received Import Request.
  Time since last request: 0.962917 seconds.
  path: Assets/ImportAssets/Mini Skeleton/Characters/Prefabs(regular)/archer
  artifactKey: Guid(a02469c7faa76734a9a24486d1cfa6ec) Importer(815301076,1909f56bfc062723c751e8b465ee728b)
Start importing Assets/ImportAssets/Mini Skeleton/Characters/Prefabs(regular)/archer using Guid(a02469c7faa76734a9a24486d1cfa6ec) Importer(815301076,1909f56bfc062723c751e8b465ee728b)  -> (artifact id: '6deef6795cc3fa686bf284215937cb53') in 5.466759 seconds 
========================================================================
Received Prepare
Registering precompiled user dll's ...
Registered in 0.012323 seconds.
Begin MonoManager ReloadAssembly
Native extension for WindowsStandalone target not found
Refreshing native plugins compatible for Editor in 1.68 ms, found 0 plugins.
Preloading 0 native plugins for Editor in 0.00 ms.
Mono: successfully reloaded assembly
- Completed reload, in  4.171 seconds
Platform modules already initialized, skipping
Refreshing native plugins compatible for Editor in 1.49 ms, found 0 plugins.
Preloading 0 native plugins for Editor in 0.00 ms.
Unloading 4136 Unused Serialized files (Serialized files now loaded: 0)
System memory in use before: 241.9 MB.
System memory in use after: 242.1 MB.

Unloading 11 unused Assets to reduce memory usage. Loaded Objects now: 5298.
Total: 12.526300 ms (FindLiveObjects: 0.607500 ms CreateObjectMapping: 0.428600 ms MarkObjects: 11.249200 ms  DeleteObjects: 0.238900 ms)

========================================================================
Received Prepare
Registering precompiled user dll's ...
Registered in 0.005363 seconds.
Begin MonoManager ReloadAssembly
Native extension for WindowsStandalone target not found
Refreshing native plugins compatible for Editor in 3.35 ms, found 0 plugins.
Preloading 0 native plugins for Editor in 0.00 ms.
Mono: successfully reloaded assembly
- Completed reload, in  5.370 seconds
Platform modules already initialized, skipping
Refreshing native plugins compatible for Editor in 4.10 ms, found 0 plugins.
Preloading 0 native plugins for Editor in 0.00 ms.
Unloading 4136 Unused Serialized files (Serialized files now loaded: 0)
System memory in use before: 241.8 MB.
System memory in use after: 241.9 MB.

Unloading 11 unused Assets to reduce memory usage. Loaded Objects now: 5301.
Total: 19.779300 ms (FindLiveObjects: 1.164600 ms CreateObjectMapping: 1.515500 ms MarkObjects: 16.700400 ms  DeleteObjects: 0.395600 ms)

========================================================================
Received Prepare
Registering precompiled user dll's ...
Registered in 0.003873 seconds.
Begin MonoManager ReloadAssembly
Native extension for WindowsStandalone target not found
Refreshing native plugins compatible for Editor in 1.74 ms, found 0 plugins.
Preloading 0 native plugins for Editor in 0.00 ms.
Mono: successfully reloaded assembly
- Completed reload, in 27.879 seconds
Platform modules already initialized, skipping
Refreshing native plugins compatible for Editor in 1.68 ms, found 0 plugins.
Preloading 0 native plugins for Editor in 0.00 ms.
Unloading 4136 Unused Serialized files (Serialized files now loaded: 0)
System memory in use before: 241.6 MB.
System memory in use after: 241.8 MB.

Unloading 11 unused Assets to reduce memory usage. Loaded Objects now: 5304.
Total: 6.545700 ms (FindLiveObjects: 0.601000 ms CreateObjectMapping: 0.484500 ms MarkObjects: 5.271500 ms  DeleteObjects: 0.184300 ms)

========================================================================
Received Prepare
Registering precompiled user dll's ...
Registered in 0.004359 seconds.
Begin MonoManager ReloadAssembly
Native extension for WindowsStandalone target not found
Refreshing native plugins compatible for Editor in 2.19 ms, found 0 plugins.
Preloading 0 native plugins for Editor in 0.00 ms.
Mono: successfully reloaded assembly
- Completed reload, in 154.535 seconds
Platform modules already initialized, skipping
Refreshing native plugins compatible for Editor in 1.45 ms, found 0 plugins.
Preloading 0 native plugins for Editor in 0.00 ms.
Unloading 4136 Unused Serialized files (Serialized files now loaded: 0)
System memory in use before: 241.6 MB.
System memory in use after: 241.8 MB.

Unloading 11 unused Assets to reduce memory usage. Loaded Objects now: 5307.
Total: 18.585000 ms (FindLiveObjects: 0.969400 ms CreateObjectMapping: 0.758700 ms MarkObjects: 16.687300 ms  DeleteObjects: 0.166900 ms)

AssetImportWorkerClient::OnTransportError - code=2 error=End of file
