Using pre-set license
Built from '2021.1/staging' branch; Version is '2021.1.2f1 (e5d502d80fbb) revision 15062274'; Using compiler version '192528614'; Build Type 'Release'
OS: 'Windows 10 Home Single Language; OS build 18362.476; Version 1903; 64bit' Language: 'pt' Physical Memory: 16250 MB
BatchMode: 1, IsHumanControllingUs: 0, StartBugReporterOnCrash: 0, Is64bit: 1, IsPro: 0

 COMMAND LINE ARGUMENTS:
C:\Program Files\Unity\Hub\Editor\2021.1.2f1\Editor\Unity.exe
-adb2
-batchMode
-noUpm
-name
AssetImportWorker0
-projectPath
D:/Games/Zero3/Unity/MainLeaf
-logFile
Logs/AssetImportWorker0.log
-srvPort
51758
Successfully changed project path to: D:/Games/Zero3/Unity/MainLeaf
D:/Games/Zero3/Unity/MainLeaf
Using Asset Import Pipeline V2.
Refreshing native plugins compatible for Editor in 170.78 ms, found 5 plugins.
Preloading 0 native plugins for Editor in 0.00 ms.
Initialize engine version: 2021.1.2f1 (e5d502d80fbb)
[Subsystems] Discovering subsystems at path C:/Program Files/Unity/Hub/Editor/2021.1.2f1/Editor/Data/Resources/UnitySubsystems
[Subsystems] Discovering subsystems at path D:/Games/Zero3/Unity/MainLeaf/Assets
GfxDevice: creating device client; threaded=0; jobified=0
Direct3D:
    Version:  Direct3D 11.0 [level 11.1]
    Renderer: NVIDIA GeForce GTX 1050 Ti (ID=0x1c8c)
    Vendor:   NVIDIA
    VRAM:     4018 MB
    Driver:   23.21.13.9125
Initialize mono
Mono path[0] = 'C:/Program Files/Unity/Hub/Editor/2021.1.2f1/Editor/Data/Managed'
Mono path[1] = 'C:/Program Files/Unity/Hub/Editor/2021.1.2f1/Editor/Data/MonoBleedingEdge/lib/mono/unityjit'
Mono config path = 'C:/Program Files/Unity/Hub/Editor/2021.1.2f1/Editor/Data/MonoBleedingEdge/etc'
Using monoOptions --debugger-agent=transport=dt_socket,embedding=1,server=y,suspend=n,address=127.0.0.1:56132
Begin MonoManager ReloadAssembly
Registering precompiled unity dll's ...
Register platform support module: C:/Program Files/Unity/Hub/Editor/2021.1.2f1/Editor/Data/PlaybackEngines/WindowsStandaloneSupport/UnityEditor.WindowsStandalone.Extensions.dll
Registered in 0.002314 seconds.
Native extension for WindowsStandalone target not found
Refreshing native plugins compatible for Editor in 141.69 ms, found 5 plugins.
Preloading 0 native plugins for Editor in 0.00 ms.
Mono: successfully reloaded assembly
- Completed reload, in  1.239 seconds
Platform modules already initialized, skipping
Registering precompiled user dll's ...
Registered in 0.008204 seconds.
Begin MonoManager ReloadAssembly
Native extension for WindowsStandalone target not found
Refreshing native plugins compatible for Editor in 144.38 ms, found 5 plugins.
Preloading 0 native plugins for Editor in 0.00 ms.
RefreshInfo: StopAssetImportingV2(NoUpdateAssetOptions) scanfilter: 
RefreshProfiler: Total: 0.000ms
Mono: successfully reloaded assembly
- Completed reload, in  3.388 seconds
Platform modules already initialized, skipping
========================================================================
Worker process is ready to serve import requests
Launched and connected shader compiler UnityShaderCompiler.exe after 0.08 seconds
Refreshing native plugins compatible for Editor in 3.24 ms, found 5 plugins.
Preloading 0 native plugins for Editor in 0.00 ms.
Unloading 183 Unused Serialized files (Serialized files now loaded: 0)
System memory in use before: 155.3 MB.
System memory in use after: 155.5 MB.

Unloading 94 unused Assets to reduce memory usage. Loaded Objects now: 5833.
Total: 8.381200 ms (FindLiveObjects: 1.354600 ms CreateObjectMapping: 0.764000 ms MarkObjects: 5.914900 ms  DeleteObjects: 0.345700 ms)

========================================================================
Received Import Request.
  path: Assets/Scripts/Options/VideoSettings.cs
  artifactKey: Guid(d2714cbfe2d03f6448e1f80bdcf36462) Importer(2089858483,934ff659095e30574adcf32a4c2f97b5)
Start importing Assets/Scripts/Options/VideoSettings.cs using Guid(d2714cbfe2d03f6448e1f80bdcf36462) Importer(2089858483,934ff659095e30574adcf32a4c2f97b5)  -> (artifact id: 'f528630485ec26bc82f6e28b43e0bd19') in 0.127478 seconds 
========================================================================
Received Import Request.
  Time since last request: 0.000354 seconds.
  path: Assets/Scripts/System/ObjectPool2.cs
  artifactKey: Guid(2f09f7f2665041e4ba74239380966b74) Importer(2089858483,934ff659095e30574adcf32a4c2f97b5)
Start importing Assets/Scripts/System/ObjectPool2.cs using Guid(2f09f7f2665041e4ba74239380966b74) Importer(2089858483,934ff659095e30574adcf32a4c2f97b5)  -> (artifact id: 'e4b9d5089e7aa5ff5a9a05121cd345a8') in 0.007849 seconds 
========================================================================
Received Import Request.
  Time since last request: 0.142295 seconds.
  path: Assets/Models/Characters/Archer/Warrior Red.prefab
  artifactKey: Guid(2f9640301a83b8449a04f7e34488d0d7) Importer(815301076,1909f56bfc062723c751e8b465ee728b)
Start importing Assets/Models/Characters/Archer/Warrior Red.prefab using Guid(2f9640301a83b8449a04f7e34488d0d7) Importer(815301076,1909f56bfc062723c751e8b465ee728b) Launched and connected shader compiler UnityShaderCompiler.exe after 0.08 seconds
Launched and connected shader compiler UnityShaderCompiler.exe after 0.12 seconds
Launched and connected shader compiler UnityShaderCompiler.exe after 0.09 seconds
Launched and connected shader compiler UnityShaderCompiler.exe after 0.09 seconds
Launched and connected shader compiler UnityShaderCompiler.exe after 0.10 seconds
Launched and connected shader compiler UnityShaderCompiler.exe after 0.08 seconds
Launched and connected shader compiler UnityShaderCompiler.exe after 0.12 seconds
 -> (artifact id: 'ca89b112cc8f3d28d8a57dd809ccd11e') in 5.627340 seconds 
========================================================================
Received Import Request.
  Time since last request: 0.000348 seconds.
  path: Assets/Prefabs/Enemies/SkeletonWarrior.prefab
  artifactKey: Guid(7a9188f58f258c042b7850e0e7669b61) Importer(815301076,1909f56bfc062723c751e8b465ee728b)
Start importing Assets/Prefabs/Enemies/SkeletonWarrior.prefab using Guid(7a9188f58f258c042b7850e0e7669b61) Importer(815301076,1909f56bfc062723c751e8b465ee728b)  -> (artifact id: '2bfe2a3b5dd52ecb9d29349810ec2d72') in 0.379950 seconds 
========================================================================
Received Import Request.
  Time since last request: 417.625426 seconds.
  path: Assets/ImportAssets/EffectExamples/WeaponEffects/Prefabs/BulletImpactWaterContainerExtinguisherEffect.prefab
  artifactKey: Guid(8c0568c457f38824d8649f26f2363927) Importer(815301076,1909f56bfc062723c751e8b465ee728b)
Start importing Assets/ImportAssets/EffectExamples/WeaponEffects/Prefabs/BulletImpactWaterContainerExtinguisherEffect.prefab using Guid(8c0568c457f38824d8649f26f2363927) Importer(815301076,1909f56bfc062723c751e8b465ee728b)  -> (artifact id: 'aa1bdc7a0351798876081347a7280774') in 0.092617 seconds 
========================================================================
Received Import Request.
  Time since last request: 0.065127 seconds.
  path: Assets/Models/Characters/Archer/Archer Red.prefab
  artifactKey: Guid(0a30f1e035120754f98447192e360de7) Importer(815301076,1909f56bfc062723c751e8b465ee728b)
Start importing Assets/Models/Characters/Archer/Archer Red.prefab using Guid(0a30f1e035120754f98447192e360de7) Importer(815301076,1909f56bfc062723c751e8b465ee728b)  -> (artifact id: '0f0c63b46c939176a1321fda0149d395') in 0.922131 seconds 
========================================================================
Received Import Request.
  Time since last request: 0.000369 seconds.
  path: Assets/Models/Characters/Archer/ArcherBlue.prefab
  artifactKey: Guid(deba696de245d1a42b70927617f04fb3) Importer(815301076,1909f56bfc062723c751e8b465ee728b)
Start importing Assets/Models/Characters/Archer/ArcherBlue.prefab using Guid(deba696de245d1a42b70927617f04fb3) Importer(815301076,1909f56bfc062723c751e8b465ee728b)  -> (artifact id: 'd178a46767a32ad35b02131508a167fb') in 0.943717 seconds 
========================================================================
Received Import Request.
  Time since last request: 0.000337 seconds.
  path: Packages/com.unity.searcher/Tests/Editor/Unity.Searcher.EditorTests.asmdef
  artifactKey: Guid(432b70115e987f44abb984cfe7de384f) Importer(815301076,1909f56bfc062723c751e8b465ee728b)
Start importing Packages/com.unity.searcher/Tests/Editor/Unity.Searcher.EditorTests.asmdef using Guid(432b70115e987f44abb984cfe7de384f) Importer(815301076,1909f56bfc062723c751e8b465ee728b)  -> (artifact id: '06f78a67ae657bb0a6a7cff41a136c96') in 0.019307 seconds 
========================================================================
Received Import Request.
  Time since last request: 0.000366 seconds.
  path: Assets/Models/Characters/Archer/OldAnimations/Archer_aim.fbx
  artifactKey: Guid(255fac9584b3be445a512678a4bba960) Importer(815301076,1909f56bfc062723c751e8b465ee728b)
Start importing Assets/Models/Characters/Archer/OldAnimations/Archer_aim.fbx using Guid(255fac9584b3be445a512678a4bba960) Importer(815301076,1909f56bfc062723c751e8b465ee728b)  -> (artifact id: 'de49af5b66b0be1898f8d78ac5a0cbe0') in 0.073307 seconds 
========================================================================
Received Import Request.
  Time since last request: 0.000368 seconds.
  path: Assets/Models/Characters/Archer/Mage Red.prefab
  artifactKey: Guid(13ca357e45411aa449512af538c61c22) Importer(815301076,1909f56bfc062723c751e8b465ee728b)
Start importing Assets/Models/Characters/Archer/Mage Red.prefab using Guid(13ca357e45411aa449512af538c61c22) Importer(815301076,1909f56bfc062723c751e8b465ee728b)  -> (artifact id: '07f4c9755802683e0497b6997eae1c9b') in 0.518665 seconds 
========================================================================
Received Import Request.
  Time since last request: 9.777494 seconds.
  path: Assets/Models/Characters/Mage/Mage Blue.prefab
  artifactKey: Guid(4d4319dde2f198845ac34608a1013ffc) Importer(815301076,1909f56bfc062723c751e8b465ee728b)
Start importing Assets/Models/Characters/Mage/Mage Blue.prefab using Guid(4d4319dde2f198845ac34608a1013ffc) Importer(815301076,1909f56bfc062723c751e8b465ee728b)  -> (artifact id: '22adfa673f5f1c8a88c4fb96a71f84b6') in 0.465249 seconds 
========================================================================
Received Import Request.
  Time since last request: 0.000355 seconds.
  path: Assets/Resources/GameManager.prefab
  artifactKey: Guid(5ad69a1dfa7ae5c4ca8c11fe579b0838) Importer(815301076,1909f56bfc062723c751e8b465ee728b)
Start importing Assets/Resources/GameManager.prefab using Guid(5ad69a1dfa7ae5c4ca8c11fe579b0838) Importer(815301076,1909f56bfc062723c751e8b465ee728b)  -> (artifact id: 'bdd68fc6261fc6ba3cf95a181b4d6b50') in 0.065694 seconds 
========================================================================
Received Import Request.
  Time since last request: 0.000461 seconds.
  path: Assets/Prefabs/Enemies/SkeletonMage.prefab
  artifactKey: Guid(b8a8c465da76ca041a5f44c2dff87c07) Importer(815301076,1909f56bfc062723c751e8b465ee728b)
Start importing Assets/Prefabs/Enemies/SkeletonMage.prefab using Guid(b8a8c465da76ca041a5f44c2dff87c07) Importer(815301076,1909f56bfc062723c751e8b465ee728b)  -> (artifact id: '58c1c4cc9cc192fb79ddf6adbfc125c7') in 0.407735 seconds 
========================================================================
Received Import Request.
  Time since last request: 0.000397 seconds.
  path: Assets/Models/Characters/Mage/Mage Red.prefab
  artifactKey: Guid(ddbc89a2e5731354497399c2803d9354) Importer(815301076,1909f56bfc062723c751e8b465ee728b)
Start importing Assets/Models/Characters/Mage/Mage Red.prefab using Guid(ddbc89a2e5731354497399c2803d9354) Importer(815301076,1909f56bfc062723c751e8b465ee728b)  -> (artifact id: '60122c35377a1ae1a7c32a87040eafaf') in 0.231240 seconds 
========================================================================
Received Import Request.
  Time since last request: 0.491926 seconds.
  path: Assets/ImportAssets/VisualEffectGraph Additions/Shaders/MeshOutput/FlowMapExample-Magma.shadergraph
  artifactKey: Guid(2ded0c813a4974f4f9b43369c93551a9) Importer(815301076,1909f56bfc062723c751e8b465ee728b)
Start importing Assets/ImportAssets/VisualEffectGraph Additions/Shaders/MeshOutput/FlowMapExample-Magma.shadergraph using Guid(2ded0c813a4974f4f9b43369c93551a9) Importer(815301076,1909f56bfc062723c751e8b465ee728b)  -> (artifact id: '9545dca334c73f45474c52caa4f9fff4') in 0.007682 seconds 
========================================================================
Received Import Request.
  Time since last request: 99.597879 seconds.
  path: Assets/ImportAssets/Third/_DemoAssets/FX/Fire/Magic_Impact Red.prefab
  artifactKey: Guid(db1e18daf61256e4d9a59fb608d4515f) Importer(815301076,1909f56bfc062723c751e8b465ee728b)
Start importing Assets/ImportAssets/Third/_DemoAssets/FX/Fire/Magic_Impact Red.prefab using Guid(db1e18daf61256e4d9a59fb608d4515f) Importer(815301076,1909f56bfc062723c751e8b465ee728b)  -> (artifact id: '5c41de623f2c0efaf699ed09abda260c') in 0.096387 seconds 
========================================================================
Received Import Request.
  Time since last request: 0.089407 seconds.
  path: Packages/com.unity.render-pipelines.high-definition/Runtime/PostProcessing/Shaders/DebugHistogramImage.compute
  artifactKey: Guid(52cc17ef5a5ffc443a5c142f9b745a85) Importer(815301076,1909f56bfc062723c751e8b465ee728b)
Start importing Packages/com.unity.render-pipelines.high-definition/Runtime/PostProcessing/Shaders/DebugHistogramImage.compute using Guid(52cc17ef5a5ffc443a5c142f9b745a85) Importer(815301076,1909f56bfc062723c751e8b465ee728b)  -> (artifact id: 'b3c2ab1d9df9909545214cc4e63975af') in 0.034676 seconds 
========================================================================
Received Import Request.
  Time since last request: 13.989791 seconds.
  path: Assets/Scripts/System/ObjectPool2.cs
  artifactKey: Guid(2f09f7f2665041e4ba74239380966b74) Importer(815301076,1909f56bfc062723c751e8b465ee728b)
Start importing Assets/Scripts/System/ObjectPool2.cs using Guid(2f09f7f2665041e4ba74239380966b74) Importer(815301076,1909f56bfc062723c751e8b465ee728b)  -> (artifact id: '978d7086fd05d879c3f314a4e8acbe39') in 0.052868 seconds 
========================================================================
Received Prepare
Registering precompiled user dll's ...
Registered in 0.007585 seconds.
Begin MonoManager ReloadAssembly
Native extension for WindowsStandalone target not found
Refreshing native plugins compatible for Editor in 1.72 ms, found 5 plugins.
Preloading 0 native plugins for Editor in 0.00 ms.
RefreshInfo: StopAssetImportingV2(NoUpdateAssetOptions) scanfilter: 
RefreshProfiler: Total: 0.000ms
Mono: successfully reloaded assembly
- Completed reload, in  3.014 seconds
Platform modules already initialized, skipping
Refreshing native plugins compatible for Editor in 1.70 ms, found 5 plugins.
Preloading 0 native plugins for Editor in 0.00 ms.
Unloading 4 Unused Serialized files (Serialized files now loaded: 0)
System memory in use before: 176.4 MB.
System memory in use after: 176.6 MB.

Unloading 83 unused Assets to reduce memory usage. Loaded Objects now: 5977.
Total: 4.838400 ms (FindLiveObjects: 0.440400 ms CreateObjectMapping: 0.351900 ms MarkObjects: 3.760900 ms  DeleteObjects: 0.284200 ms)

========================================================================
Received Import Request.
  Time since last request: 61.446620 seconds.
  path: Packages/com.unity.textmeshpro/Scripts/Runtime/TMP_ObjectPool.cs
  artifactKey: Guid(e69259f6ff914146ad610be5491eb44a) Importer(815301076,1909f56bfc062723c751e8b465ee728b)
Start importing Packages/com.unity.textmeshpro/Scripts/Runtime/TMP_ObjectPool.cs using Guid(e69259f6ff914146ad610be5491eb44a) Importer(815301076,1909f56bfc062723c751e8b465ee728b)  -> (artifact id: '9df7ff08c9b19f54eecfdc7f81bb74b0') in 0.003570 seconds 
========================================================================
Received Import Request.
  Time since last request: 125.015814 seconds.
  path: Assets/Scripts/System/ObjectPool2.cs
  artifactKey: Guid(2f09f7f2665041e4ba74239380966b74) Importer(2089858483,934ff659095e30574adcf32a4c2f97b5)
Start importing Assets/Scripts/System/ObjectPool2.cs using Guid(2f09f7f2665041e4ba74239380966b74) Importer(2089858483,934ff659095e30574adcf32a4c2f97b5)  -> (artifact id: '33a819a87e0b5f54a6aeb9d4906b7a72') in 0.069170 seconds 
========================================================================
Received Import Request.
  Time since last request: 4741.015150 seconds.
  path: Assets/Scripts/System/ObjectPool2.cs
  artifactKey: Guid(2f09f7f2665041e4ba74239380966b74) Importer(2089858483,934ff659095e30574adcf32a4c2f97b5)
Start importing Assets/Scripts/System/ObjectPool2.cs using Guid(2f09f7f2665041e4ba74239380966b74) Importer(2089858483,934ff659095e30574adcf32a4c2f97b5)  -> (artifact id: '8596aee49fcc6c0d33ee65f5227c97c7') in 0.012598 seconds 
========================================================================
Received Prepare
Registering precompiled user dll's ...
Registered in 0.007389 seconds.
Begin MonoManager ReloadAssembly
Native extension for WindowsStandalone target not found
Refreshing native plugins compatible for Editor in 1.72 ms, found 5 plugins.
Preloading 0 native plugins for Editor in 0.00 ms.
RefreshInfo: StopAssetImportingV2(NoUpdateAssetOptions) scanfilter: 
RefreshProfiler: Total: 0.000ms
Mono: successfully reloaded assembly
- Completed reload, in  2.823 seconds
Platform modules already initialized, skipping
Refreshing native plugins compatible for Editor in 1.58 ms, found 5 plugins.
Preloading 0 native plugins for Editor in 0.00 ms.
Unloading 4 Unused Serialized files (Serialized files now loaded: 0)
System memory in use before: 176.5 MB.
System memory in use after: 176.7 MB.

Unloading 78 unused Assets to reduce memory usage. Loaded Objects now: 5980.
Total: 4.710000 ms (FindLiveObjects: 0.494900 ms CreateObjectMapping: 0.503500 ms MarkObjects: 3.465900 ms  DeleteObjects: 0.244100 ms)

========================================================================
Received Prepare
Registering precompiled user dll's ...
Registered in 0.017688 seconds.
Begin MonoManager ReloadAssembly
Native extension for WindowsStandalone target not found
Refreshing native plugins compatible for Editor in 3.32 ms, found 5 plugins.
Preloading 0 native plugins for Editor in 0.00 ms.
RefreshInfo: StopAssetImportingV2(NoUpdateAssetOptions) scanfilter: 
RefreshProfiler: Total: 0.000ms
Mono: successfully reloaded assembly
- Completed reload, in  4.149 seconds
Platform modules already initialized, skipping
Refreshing native plugins compatible for Editor in 2.69 ms, found 5 plugins.
Preloading 0 native plugins for Editor in 0.00 ms.
Unloading 207 Unused Serialized files (Serialized files now loaded: 0)
System memory in use before: 184.9 MB.
System memory in use after: 184.8 MB.

Unloading 86 unused Assets to reduce memory usage. Loaded Objects now: 6181.
Total: 5.955300 ms (FindLiveObjects: 0.726000 ms CreateObjectMapping: 0.684000 ms MarkObjects: 4.135000 ms  DeleteObjects: 0.407700 ms)

========================================================================
Received Prepare
Registering precompiled user dll's ...
Registered in 0.015295 seconds.
Begin MonoManager ReloadAssembly
Native extension for WindowsStandalone target not found
Refreshing native plugins compatible for Editor in 2.19 ms, found 5 plugins.
Preloading 0 native plugins for Editor in 0.00 ms.
[ScriptCompilation] NOT recompiling all scripts because this is an import worker process. Reason to compile was: Define symbols changed
RefreshInfo: StopAssetImportingV2(NoUpdateAssetOptions) scanfilter: 
RefreshProfiler: Total: 0.000ms
Mono: successfully reloaded assembly
- Completed reload, in  2.748 seconds
Platform modules already initialized, skipping
Refreshing native plugins compatible for Editor in 3.01 ms, found 5 plugins.
Preloading 0 native plugins for Editor in 0.00 ms.
Unloading 30 Unused Serialized files (Serialized files now loaded: 0)
System memory in use before: 221.5 MB.
System memory in use after: 221.3 MB.

Unloading 96 unused Assets to reduce memory usage. Loaded Objects now: 6252.
Total: 38.043500 ms (FindLiveObjects: 0.868300 ms CreateObjectMapping: 0.929400 ms MarkObjects: 35.726600 ms  DeleteObjects: 0.517500 ms)

========================================================================
Received Prepare
Registering precompiled user dll's ...
Registered in 0.013508 seconds.
Begin MonoManager ReloadAssembly
Native extension for WindowsStandalone target not found
Refreshing native plugins compatible for Editor in 1.75 ms, found 5 plugins.
Preloading 0 native plugins for Editor in 0.00 ms.
RefreshInfo: StopAssetImportingV2(NoUpdateAssetOptions) scanfilter: 
RefreshProfiler: Total: 0.000ms
Mono: successfully reloaded assembly
- Completed reload, in  3.144 seconds
Platform modules already initialized, skipping
Refreshing native plugins compatible for Editor in 2.88 ms, found 5 plugins.
Preloading 0 native plugins for Editor in 0.00 ms.
Unloading 10 Unused Serialized files (Serialized files now loaded: 0)
System memory in use before: 221.1 MB.
System memory in use after: 220.9 MB.

Unloading 96 unused Assets to reduce memory usage. Loaded Objects now: 6256.
Total: 26.985700 ms (FindLiveObjects: 0.881700 ms CreateObjectMapping: 0.766800 ms MarkObjects: 24.899800 ms  DeleteObjects: 0.434600 ms)

========================================================================
Received Prepare
Registering precompiled user dll's ...
Registered in 0.014398 seconds.
Begin MonoManager ReloadAssembly
Native extension for WindowsStandalone target not found
Refreshing native plugins compatible for Editor in 1.85 ms, found 5 plugins.
Preloading 0 native plugins for Editor in 0.00 ms.
RefreshInfo: StopAssetImportingV2(NoUpdateAssetOptions) scanfilter: 
RefreshProfiler: Total: 0.000ms
Mono: successfully reloaded assembly
- Completed reload, in  3.407 seconds
Platform modules already initialized, skipping
Refreshing native plugins compatible for Editor in 3.85 ms, found 5 plugins.
Preloading 0 native plugins for Editor in 0.00 ms.
Unloading 9 Unused Serialized files (Serialized files now loaded: 0)
System memory in use before: 221.1 MB.
System memory in use after: 220.9 MB.

Unloading 96 unused Assets to reduce memory usage. Loaded Objects now: 6260.
Total: 44.404700 ms (FindLiveObjects: 1.087100 ms CreateObjectMapping: 0.776000 ms MarkObjects: 41.557500 ms  DeleteObjects: 0.981700 ms)

========================================================================
Received Prepare
Registering precompiled user dll's ...
Registered in 0.012840 seconds.
Begin MonoManager ReloadAssembly
Native extension for WindowsStandalone target not found
Refreshing native plugins compatible for Editor in 1.89 ms, found 5 plugins.
Preloading 0 native plugins for Editor in 0.00 ms.
RefreshInfo: StopAssetImportingV2(NoUpdateAssetOptions) scanfilter: 
RefreshProfiler: Total: 0.000ms
Mono: successfully reloaded assembly
- Completed reload, in  2.842 seconds
Platform modules already initialized, skipping
Refreshing native plugins compatible for Editor in 1.86 ms, found 5 plugins.
Preloading 0 native plugins for Editor in 0.00 ms.
Unloading 60 Unused Serialized files (Serialized files now loaded: 0)
System memory in use before: 224.6 MB.
System memory in use after: 224.0 MB.

Unloading 114 unused Assets to reduce memory usage. Loaded Objects now: 6296.
Total: 27.467000 ms (FindLiveObjects: 0.602400 ms CreateObjectMapping: 0.506000 ms MarkObjects: 25.716600 ms  DeleteObjects: 0.640500 ms)

AssetImportWorkerClient::OnTransportError - code=2 error=End of file
