Using pre-set license
Built from '2021.1/staging' branch; Version is '2021.1.7f1 (d91830b65d9b) revision 14227504'; Using compiler version '192528614'; Build Type 'Release'
OS: 'Windows 10 Home Single Language; OS build 18362.476; Version 1903; 64bit' Language: 'pt' Physical Memory: 16250 MB
BatchMode: 1, IsHumanControllingUs: 0, StartBugReporterOnCrash: 0, Is64bit: 1, IsPro: 0

 COMMAND LINE ARGUMENTS:
C:\Program Files\Unity\Hub\Editor\2021.1.7f1\Editor\Unity.exe
-adb2
-batchMode
-noUpm
-name
AssetImportWorker0
-projectPath
D:/Games/Zero3/Unity/MainLeaf
-logFile
Logs/AssetImportWorker0.log
-srvPort
59927
Successfully changed project path to: D:/Games/Zero3/Unity/MainLeaf
D:/Games/Zero3/Unity/MainLeaf
Using Asset Import Pipeline V2.
Refreshing native plugins compatible for Editor in 193.04 ms, found 5 plugins.
Preloading 0 native plugins for Editor in 0.00 ms.
Initialize engine version: 2021.1.7f1 (d91830b65d9b)
[Subsystems] Discovering subsystems at path C:/Program Files/Unity/Hub/Editor/2021.1.7f1/Editor/Data/Resources/UnitySubsystems
[Subsystems] Discovering subsystems at path D:/Games/Zero3/Unity/MainLeaf/Assets
GfxDevice: creating device client; threaded=0; jobified=0
Direct3D:
    Version:  Direct3D 11.0 [level 11.1]
    Renderer: NVIDIA GeForce GTX 1050 Ti (ID=0x1c8c)
    Vendor:   NVIDIA
    VRAM:     4018 MB
    Driver:   23.21.13.9125
Initialize mono
Mono path[0] = 'C:/Program Files/Unity/Hub/Editor/2021.1.7f1/Editor/Data/Managed'
Mono path[1] = 'C:/Program Files/Unity/Hub/Editor/2021.1.7f1/Editor/Data/MonoBleedingEdge/lib/mono/unityjit'
Mono config path = 'C:/Program Files/Unity/Hub/Editor/2021.1.7f1/Editor/Data/MonoBleedingEdge/etc'
Using monoOptions --debugger-agent=transport=dt_socket,embedding=1,server=y,suspend=n,address=127.0.0.1:56688
Begin MonoManager ReloadAssembly
Registering precompiled unity dll's ...
Register platform support module: C:/Program Files/Unity/Hub/Editor/2021.1.7f1/Editor/Data/PlaybackEngines/WindowsStandaloneSupport/UnityEditor.WindowsStandalone.Extensions.dll
Registered in 0.002080 seconds.
Native extension for WindowsStandalone target not found
Refreshing native plugins compatible for Editor in 158.45 ms, found 5 plugins.
Preloading 0 native plugins for Editor in 0.00 ms.
Mono: successfully reloaded assembly
- Completed reload, in  1.404 seconds
Platform modules already initialized, skipping
Registering precompiled user dll's ...
Registered in 0.014538 seconds.
Begin MonoManager ReloadAssembly
Native extension for WindowsStandalone target not found
Refreshing native plugins compatible for Editor in 220.13 ms, found 5 plugins.
Preloading 0 native plugins for Editor in 0.00 ms.
RefreshInfo: StopAssetImportingV2(NoUpdateAssetOptions) scanfilter: 
RefreshProfiler: Total: 0.000ms
RefreshInfo: StopAssetImportingV2(NoUpdateAssetOptions) scanfilter: 
RefreshProfiler: Total: 0.000ms
Mono: successfully reloaded assembly
- Completed reload, in  4.376 seconds
Platform modules already initialized, skipping
========================================================================
Worker process is ready to serve import requests
Launched and connected shader compiler UnityShaderCompiler.exe after 0.09 seconds
Refreshing native plugins compatible for Editor in 2.30 ms, found 5 plugins.
Preloading 0 native plugins for Editor in 0.00 ms.
Unloading 195 Unused Serialized files (Serialized files now loaded: 0)
System memory in use before: 168.1 MB.
System memory in use after: 168.3 MB.

Unloading 111 unused Assets to reduce memory usage. Loaded Objects now: 6589.
Total: 28.456100 ms (FindLiveObjects: 0.699700 ms CreateObjectMapping: 0.546800 ms MarkObjects: 26.875200 ms  DeleteObjects: 0.332900 ms)

========================================================================
Received Import Request.
  path: Assets/Scenes/Gameplay.unity
  artifactKey: Guid(c5db267d0d509714d82fddeb3a636518) Importer(815301076,1909f56bfc062723c751e8b465ee728b)
Start importing Assets/Scenes/Gameplay.unity using Guid(c5db267d0d509714d82fddeb3a636518) Importer(815301076,1909f56bfc062723c751e8b465ee728b)  -> (artifact id: '5333d3e77eed27c468731288f7427e4e') in 0.020587 seconds 
========================================================================
Received Prepare
Registering precompiled user dll's ...
Registered in 0.014980 seconds.
Begin MonoManager ReloadAssembly
Native extension for WindowsStandalone target not found
Refreshing native plugins compatible for Editor in 1.83 ms, found 5 plugins.
Preloading 0 native plugins for Editor in 0.00 ms.
RefreshInfo: StopAssetImportingV2(NoUpdateAssetOptions) scanfilter: 
RefreshProfiler: Total: 0.000ms
RefreshInfo: StopAssetImportingV2(NoUpdateAssetOptions) scanfilter: 
RefreshProfiler: Total: 0.000ms
Mono: successfully reloaded assembly
- Completed reload, in  3.156 seconds
Platform modules already initialized, skipping
Refreshing native plugins compatible for Editor in 2.09 ms, found 5 plugins.
Preloading 0 native plugins for Editor in 0.00 ms.
Unloading 4 Unused Serialized files (Serialized files now loaded: 0)
System memory in use before: 163.0 MB.
System memory in use after: 163.3 MB.

Unloading 95 unused Assets to reduce memory usage. Loaded Objects now: 6592.
Total: 29.936400 ms (FindLiveObjects: 0.980100 ms CreateObjectMapping: 0.729800 ms MarkObjects: 27.920400 ms  DeleteObjects: 0.304400 ms)

========================================================================
Received Prepare
Registering precompiled user dll's ...
Registered in 0.023487 seconds.
Begin MonoManager ReloadAssembly
Native extension for WindowsStandalone target not found
Refreshing native plugins compatible for Editor in 1.83 ms, found 5 plugins.
Preloading 0 native plugins for Editor in 0.00 ms.
RefreshInfo: StopAssetImportingV2(NoUpdateAssetOptions) scanfilter: 
RefreshProfiler: Total: 0.000ms
RefreshInfo: StopAssetImportingV2(NoUpdateAssetOptions) scanfilter: 
RefreshProfiler: Total: 0.000ms
Mono: successfully reloaded assembly
- Completed reload, in  3.097 seconds
Platform modules already initialized, skipping
Refreshing native plugins compatible for Editor in 1.99 ms, found 5 plugins.
Preloading 0 native plugins for Editor in 0.00 ms.
Unloading 4 Unused Serialized files (Serialized files now loaded: 0)
System memory in use before: 163.1 MB.
System memory in use after: 163.4 MB.

Unloading 95 unused Assets to reduce memory usage. Loaded Objects now: 6595.
Total: 27.863800 ms (FindLiveObjects: 0.683800 ms CreateObjectMapping: 0.364400 ms MarkObjects: 26.554400 ms  DeleteObjects: 0.260000 ms)

========================================================================
Received Prepare
Registering precompiled user dll's ...
Registered in 0.013753 seconds.
Begin MonoManager ReloadAssembly
Native extension for WindowsStandalone target not found
Refreshing native plugins compatible for Editor in 1.92 ms, found 5 plugins.
Preloading 0 native plugins for Editor in 0.00 ms.
RefreshInfo: StopAssetImportingV2(NoUpdateAssetOptions) scanfilter: 
RefreshProfiler: Total: 0.000ms
RefreshInfo: StopAssetImportingV2(NoUpdateAssetOptions) scanfilter: 
RefreshProfiler: Total: 0.000ms
Mono: successfully reloaded assembly
- Completed reload, in  3.019 seconds
Platform modules already initialized, skipping
Refreshing native plugins compatible for Editor in 2.02 ms, found 5 plugins.
Preloading 0 native plugins for Editor in 0.00 ms.
Unloading 4 Unused Serialized files (Serialized files now loaded: 0)
System memory in use before: 163.2 MB.
System memory in use after: 163.4 MB.

Unloading 95 unused Assets to reduce memory usage. Loaded Objects now: 6598.
Total: 26.573100 ms (FindLiveObjects: 0.456700 ms CreateObjectMapping: 0.455000 ms MarkObjects: 25.357300 ms  DeleteObjects: 0.302900 ms)

========================================================================
Received Prepare
Registering precompiled user dll's ...
Registered in 0.021643 seconds.
Begin MonoManager ReloadAssembly
Native extension for WindowsStandalone target not found
Refreshing native plugins compatible for Editor in 1.84 ms, found 5 plugins.
Preloading 0 native plugins for Editor in 0.00 ms.
RefreshInfo: StopAssetImportingV2(NoUpdateAssetOptions) scanfilter: 
RefreshProfiler: Total: 0.000ms
RefreshInfo: StopAssetImportingV2(NoUpdateAssetOptions) scanfilter: 
RefreshProfiler: Total: 0.000ms
Mono: successfully reloaded assembly
- Completed reload, in  3.237 seconds
Platform modules already initialized, skipping
Refreshing native plugins compatible for Editor in 2.23 ms, found 5 plugins.
Preloading 0 native plugins for Editor in 0.00 ms.
Unloading 4 Unused Serialized files (Serialized files now loaded: 0)
System memory in use before: 163.2 MB.
System memory in use after: 163.4 MB.

Unloading 95 unused Assets to reduce memory usage. Loaded Objects now: 6601.
Total: 29.613600 ms (FindLiveObjects: 0.475900 ms CreateObjectMapping: 0.419600 ms MarkObjects: 28.443400 ms  DeleteObjects: 0.273600 ms)

========================================================================
Received Prepare
Refreshing native plugins compatible for Editor in 33.62 ms, found 5 plugins.
Preloading 0 native plugins for Editor in 0.00 ms.
Unloading 94 Unused Serialized files (Serialized files now loaded: 0)
System memory in use before: 165.1 MB.
System memory in use after: 165.4 MB.

Unloading 92 unused Assets to reduce memory usage. Loaded Objects now: 6602.
Total: 27.580900 ms (FindLiveObjects: 0.530900 ms CreateObjectMapping: 0.547300 ms MarkObjects: 26.212000 ms  DeleteObjects: 0.289200 ms)

========================================================================
Received Prepare
Refreshing native plugins compatible for Editor in 33.39 ms, found 5 plugins.
Preloading 0 native plugins for Editor in 0.00 ms.
Unloading 93 Unused Serialized files (Serialized files now loaded: 0)
System memory in use before: 165.1 MB.
System memory in use after: 165.3 MB.

Unloading 92 unused Assets to reduce memory usage. Loaded Objects now: 6602.
Total: 35.179500 ms (FindLiveObjects: 0.910100 ms CreateObjectMapping: 0.701800 ms MarkObjects: 33.188700 ms  DeleteObjects: 0.377100 ms)

========================================================================
Received Prepare
Registering precompiled user dll's ...
Registered in 0.014073 seconds.
Begin MonoManager ReloadAssembly
Native extension for WindowsStandalone target not found
Refreshing native plugins compatible for Editor in 2.53 ms, found 5 plugins.
Preloading 0 native plugins for Editor in 0.00 ms.
RefreshInfo: StopAssetImportingV2(NoUpdateAssetOptions) scanfilter: 
RefreshProfiler: Total: 0.000ms
RefreshInfo: StopAssetImportingV2(NoUpdateAssetOptions) scanfilter: 
RefreshProfiler: Total: 0.000ms
Mono: successfully reloaded assembly
- Completed reload, in  3.655 seconds
Platform modules already initialized, skipping
Refreshing native plugins compatible for Editor in 1.85 ms, found 5 plugins.
Preloading 0 native plugins for Editor in 0.00 ms.
Unloading 4 Unused Serialized files (Serialized files now loaded: 0)
System memory in use before: 163.3 MB.
System memory in use after: 163.5 MB.

Unloading 95 unused Assets to reduce memory usage. Loaded Objects now: 6605.
Total: 29.100200 ms (FindLiveObjects: 0.432400 ms CreateObjectMapping: 0.360400 ms MarkObjects: 28.023200 ms  DeleteObjects: 0.282400 ms)

========================================================================
Received Import Request.
  Time since last request: 3040.360519 seconds.
  path: Assets/Editor Default Resources/FMOD/AddIcon.png
  artifactKey: Guid(3300e81f02e64924eb7cb7782713b126) Importer(815301076,1909f56bfc062723c751e8b465ee728b)
Start importing Assets/Editor Default Resources/FMOD/AddIcon.png using Guid(3300e81f02e64924eb7cb7782713b126) Importer(815301076,1909f56bfc062723c751e8b465ee728b)  -> (artifact id: '6bdb03da9916e6224dbe4e65f90a8f40') in 0.543054 seconds 
========================================================================
Received Import Request.
  Time since last request: 0.000417 seconds.
  path: Assets/Editor Default Resources/FMOD/BankIcon.png
  artifactKey: Guid(a7e06068a7215854a84bf5ed8280ed15) Importer(815301076,1909f56bfc062723c751e8b465ee728b)
Start importing Assets/Editor Default Resources/FMOD/BankIcon.png using Guid(a7e06068a7215854a84bf5ed8280ed15) Importer(815301076,1909f56bfc062723c751e8b465ee728b)  -> (artifact id: '57bc57aa537b39eee37fa31da578dc64') in 0.039794 seconds 
========================================================================
Received Import Request.
  Time since last request: 0.000420 seconds.
  path: Assets/Editor Default Resources/FMOD/ArrowIcon.png
  artifactKey: Guid(01c0101f357b9da4ba78b8f58c290f86) Importer(815301076,1909f56bfc062723c751e8b465ee728b)
Start importing Assets/Editor Default Resources/FMOD/ArrowIcon.png using Guid(01c0101f357b9da4ba78b8f58c290f86) Importer(815301076,1909f56bfc062723c751e8b465ee728b)  -> (artifact id: 'd7fb2f8a278ec153aeba0361df048b9f') in 0.036113 seconds 
========================================================================
Received Import Request.
  Time since last request: 1.800288 seconds.
  path: Assets/Editor Default Resources/FMOD/BrowserIcon.png
  artifactKey: Guid(c783b763d12874147876e070661b66ab) Importer(815301076,1909f56bfc062723c751e8b465ee728b)
Start importing Assets/Editor Default Resources/FMOD/BrowserIcon.png using Guid(c783b763d12874147876e070661b66ab) Importer(815301076,1909f56bfc062723c751e8b465ee728b)  -> (artifact id: 'efce92f86b4110f4644d532556056631') in 0.034892 seconds 
========================================================================
Received Import Request.
  Time since last request: 0.000379 seconds.
  path: Assets/Plugins/Easy performant outline/Editor resources/Icons/Camera icon.psd
  artifactKey: Guid(1ac7afacbe76f174f875887c9ce60ddd) Importer(815301076,1909f56bfc062723c751e8b465ee728b)
Start importing Assets/Plugins/Easy performant outline/Editor resources/Icons/Camera icon.psd using Guid(1ac7afacbe76f174f875887c9ce60ddd) Importer(815301076,1909f56bfc062723c751e8b465ee728b)  -> (artifact id: '4a4c75cd4536f01ebf1afecc229ed1eb') in 0.129825 seconds 
========================================================================
Received Import Request.
  Time since last request: 0.031744 seconds.
  path: Assets/Editor Default Resources/FMOD/CheckedOutStatusIcon.png
  artifactKey: Guid(c9c020c90ed2b7740ba185f716af4fbb) Importer(815301076,1909f56bfc062723c751e8b465ee728b)
Start importing Assets/Editor Default Resources/FMOD/CheckedOutStatusIcon.png using Guid(c9c020c90ed2b7740ba185f716af4fbb) Importer(815301076,1909f56bfc062723c751e8b465ee728b)  -> (artifact id: '64cf8bb33ec2aa31ef37b3251697e141') in 0.079295 seconds 
========================================================================
Received Import Request.
  Time since last request: 0.000447 seconds.
  path: Assets/Editor Default Resources/FMOD/CopyIcon.png
  artifactKey: Guid(6e164dcb85fc8ad4b9ab2f1e883862d2) Importer(815301076,1909f56bfc062723c751e8b465ee728b)
Start importing Assets/Editor Default Resources/FMOD/CopyIcon.png using Guid(6e164dcb85fc8ad4b9ab2f1e883862d2) Importer(815301076,1909f56bfc062723c751e8b465ee728b)  -> (artifact id: '510a508de39c369bd83f1bc073ff2e62') in 0.102482 seconds 
========================================================================
Received Import Request.
  Time since last request: 71.584535 seconds.
  path: Assets/Scenes/GameManager.unity
  artifactKey: Guid(ed5734217d957264eb92628294539625) Importer(815301076,1909f56bfc062723c751e8b465ee728b)
Start importing Assets/Scenes/GameManager.unity using Guid(ed5734217d957264eb92628294539625) Importer(815301076,1909f56bfc062723c751e8b465ee728b)  -> (artifact id: '5ef37a6e6423038387e21c320781486c') in 0.002812 seconds 
========================================================================
Received Import Request.
  Time since last request: 0.300155 seconds.
  path: Assets/Scenes/MainMenu.unity
  artifactKey: Guid(3570eac5f05b70e49b378d61c7462bbc) Importer(815301076,1909f56bfc062723c751e8b465ee728b)
Start importing Assets/Scenes/MainMenu.unity using Guid(3570eac5f05b70e49b378d61c7462bbc) Importer(815301076,1909f56bfc062723c751e8b465ee728b)  -> (artifact id: '728518c52a59cff57ad14d99daebdbfc') in 0.002121 seconds 
========================================================================
Received Import Request.
  Time since last request: 35.512267 seconds.
  path: Assets/Scripts/Gameplay/Player
  artifactKey: Guid(d9db9dc348c8f4d44b66b9015c953670) Importer(815301076,1909f56bfc062723c751e8b465ee728b)
Start importing Assets/Scripts/Gameplay/Player using Guid(d9db9dc348c8f4d44b66b9015c953670) Importer(815301076,1909f56bfc062723c751e8b465ee728b)  -> (artifact id: '135d7baee002f0e02ffe3af5dcc51ff7') in 0.111901 seconds 
========================================================================
Received Import Request.
  Time since last request: 14.919732 seconds.
  path: Assets/Scripts/Gameplay/Player/ArcherController.cs
  artifactKey: Guid(09a1ce671f8932b4693ee53daa9fce8b) Importer(815301076,1909f56bfc062723c751e8b465ee728b)
Start importing Assets/Scripts/Gameplay/Player/ArcherController.cs using Guid(09a1ce671f8932b4693ee53daa9fce8b) Importer(815301076,1909f56bfc062723c751e8b465ee728b)  -> (artifact id: '3086e7c442b2aa9454efb56c06494838') in 0.024033 seconds 
========================================================================
Received Prepare
Registering precompiled user dll's ...
Registered in 0.014812 seconds.
Begin MonoManager ReloadAssembly
Native extension for WindowsStandalone target not found
Refreshing native plugins compatible for Editor in 2.24 ms, found 5 plugins.
Preloading 0 native plugins for Editor in 0.00 ms.
RefreshInfo: StopAssetImportingV2(NoUpdateAssetOptions) scanfilter: 
RefreshProfiler: Total: 0.000ms
RefreshInfo: StopAssetImportingV2(NoUpdateAssetOptions) scanfilter: 
RefreshProfiler: Total: 0.000ms
Mono: successfully reloaded assembly
- Completed reload, in  3.872 seconds
Platform modules already initialized, skipping
Refreshing native plugins compatible for Editor in 1.76 ms, found 5 plugins.
Preloading 0 native plugins for Editor in 0.00 ms.
Unloading 5 Unused Serialized files (Serialized files now loaded: 0)
System memory in use before: 166.2 MB.
System memory in use after: 166.5 MB.

Unloading 95 unused Assets to reduce memory usage. Loaded Objects now: 6719.
Total: 25.527200 ms (FindLiveObjects: 0.507000 ms CreateObjectMapping: 0.396600 ms MarkObjects: 24.335100 ms  DeleteObjects: 0.287200 ms)

========================================================================
Received Import Request.
  Time since last request: 511.385897 seconds.
  path: Assets/Scripts/Scriptables/GameSettings.cs
  artifactKey: Guid(d7497437193067b40a273163d8885195) Importer(815301076,1909f56bfc062723c751e8b465ee728b)
Start importing Assets/Scripts/Scriptables/GameSettings.cs using Guid(d7497437193067b40a273163d8885195) Importer(815301076,1909f56bfc062723c751e8b465ee728b)  -> (artifact id: 'cca5f9d7e2698c061ac07713c6b8352f') in 0.006668 seconds 
========================================================================
Received Import Request.
  Time since last request: 620.638508 seconds.
  path: Assets/Scripts/Scriptables/PlayerSettings.cs
  artifactKey: Guid(d7497437193067b40a273163d8885195) Importer(815301076,1909f56bfc062723c751e8b465ee728b)
Start importing Assets/Scripts/Scriptables/PlayerSettings.cs using Guid(d7497437193067b40a273163d8885195) Importer(815301076,1909f56bfc062723c751e8b465ee728b)  -> (artifact id: '76cac19554dc875008c7caf90ed6357a') in 0.003551 seconds 
========================================================================
Received Import Request.
  Time since last request: 19.037515 seconds.
  path: Assets/Scripts/GameObserver.cs
  artifactKey: Guid(981f935fd1e0b1a4da276f3c28d951f5) Importer(815301076,1909f56bfc062723c751e8b465ee728b)
Start importing Assets/Scripts/GameObserver.cs using Guid(981f935fd1e0b1a4da276f3c28d951f5) Importer(815301076,1909f56bfc062723c751e8b465ee728b)  -> (artifact id: 'a7481188e5b6182b61f6f23e3032fe0c') in 0.001593 seconds 
========================================================================
Received Prepare
Registering precompiled user dll's ...
Registered in 0.015312 seconds.
Begin MonoManager ReloadAssembly
Native extension for WindowsStandalone target not found
Refreshing native plugins compatible for Editor in 2.16 ms, found 5 plugins.
Preloading 0 native plugins for Editor in 0.00 ms.
RefreshInfo: StopAssetImportingV2(NoUpdateAssetOptions) scanfilter: 
RefreshProfiler: Total: 0.000ms
RefreshInfo: StopAssetImportingV2(NoUpdateAssetOptions) scanfilter: 
RefreshProfiler: Total: 0.000ms
Mono: successfully reloaded assembly
- Completed reload, in  3.051 seconds
Platform modules already initialized, skipping
Refreshing native plugins compatible for Editor in 2.00 ms, found 5 plugins.
Preloading 0 native plugins for Editor in 0.00 ms.
Unloading 6 Unused Serialized files (Serialized files now loaded: 0)
System memory in use before: 166.3 MB.
System memory in use after: 166.5 MB.

Unloading 95 unused Assets to reduce memory usage. Loaded Objects now: 6724.
Total: 25.960800 ms (FindLiveObjects: 0.458500 ms CreateObjectMapping: 0.596600 ms MarkObjects: 24.561100 ms  DeleteObjects: 0.343500 ms)

========================================================================
Received Import Request.
  Time since last request: 1597.887424 seconds.
  path: Assets/Scripts/GameObserver.cs
  artifactKey: Guid(981f935fd1e0b1a4da276f3c28d951f5) Importer(815301076,1909f56bfc062723c751e8b465ee728b)
Start importing Assets/Scripts/GameObserver.cs using Guid(981f935fd1e0b1a4da276f3c28d951f5) Importer(815301076,1909f56bfc062723c751e8b465ee728b)  -> (artifact id: '9217fdc2253c03ba494a138b357e275a') in 0.003517 seconds 
========================================================================
Received Prepare
Registering precompiled user dll's ...
Registered in 0.017141 seconds.
Begin MonoManager ReloadAssembly
Native extension for WindowsStandalone target not found
Refreshing native plugins compatible for Editor in 2.11 ms, found 5 plugins.
Preloading 0 native plugins for Editor in 0.00 ms.
RefreshInfo: StopAssetImportingV2(NoUpdateAssetOptions) scanfilter: 
RefreshProfiler: Total: 0.000ms
RefreshInfo: StopAssetImportingV2(NoUpdateAssetOptions) scanfilter: 
RefreshProfiler: Total: 0.000ms
Mono: successfully reloaded assembly
- Completed reload, in  3.575 seconds
Platform modules already initialized, skipping
Refreshing native plugins compatible for Editor in 1.78 ms, found 5 plugins.
Preloading 0 native plugins for Editor in 0.00 ms.
Unloading 4 Unused Serialized files (Serialized files now loaded: 0)
System memory in use before: 166.2 MB.
System memory in use after: 166.5 MB.

Unloading 95 unused Assets to reduce memory usage. Loaded Objects now: 6727.
Total: 28.350800 ms (FindLiveObjects: 0.508600 ms CreateObjectMapping: 0.347100 ms MarkObjects: 27.164000 ms  DeleteObjects: 0.329800 ms)

========================================================================
Received Import Request.
  Time since last request: 178.866252 seconds.
  path: Assets/Data/GameDesigner
  artifactKey: Guid(86cc1432d0c6d784fa1e0acdde7b4830) Importer(815301076,1909f56bfc062723c751e8b465ee728b)
Start importing Assets/Data/GameDesigner using Guid(86cc1432d0c6d784fa1e0acdde7b4830) Importer(815301076,1909f56bfc062723c751e8b465ee728b)  -> (artifact id: '887bbf3399bd310d8052c285c257e663') in 0.004067 seconds 
========================================================================
Received Prepare
Registering precompiled user dll's ...
Registered in 0.015057 seconds.
Begin MonoManager ReloadAssembly
Native extension for WindowsStandalone target not found
Refreshing native plugins compatible for Editor in 2.09 ms, found 5 plugins.
Preloading 0 native plugins for Editor in 0.00 ms.
RefreshInfo: StopAssetImportingV2(NoUpdateAssetOptions) scanfilter: 
RefreshProfiler: Total: 0.000ms
RefreshInfo: StopAssetImportingV2(NoUpdateAssetOptions) scanfilter: 
RefreshProfiler: Total: 0.000ms
Mono: successfully reloaded assembly
- Completed reload, in  3.280 seconds
Platform modules already initialized, skipping
Refreshing native plugins compatible for Editor in 1.81 ms, found 5 plugins.
Preloading 0 native plugins for Editor in 0.00 ms.
Unloading 4 Unused Serialized files (Serialized files now loaded: 0)
System memory in use before: 166.2 MB.
System memory in use after: 166.5 MB.

Unloading 95 unused Assets to reduce memory usage. Loaded Objects now: 6730.
Total: 30.666100 ms (FindLiveObjects: 0.556900 ms CreateObjectMapping: 0.567500 ms MarkObjects: 29.156600 ms  DeleteObjects: 0.383700 ms)

========================================================================
Received Prepare
Registering precompiled user dll's ...
Registered in 0.014852 seconds.
Begin MonoManager ReloadAssembly
Native extension for WindowsStandalone target not found
Refreshing native plugins compatible for Editor in 1.80 ms, found 5 plugins.
Preloading 0 native plugins for Editor in 0.00 ms.
RefreshInfo: StopAssetImportingV2(NoUpdateAssetOptions) scanfilter: 
RefreshProfiler: Total: 0.000ms
RefreshInfo: StopAssetImportingV2(NoUpdateAssetOptions) scanfilter: 
RefreshProfiler: Total: 0.000ms
Mono: successfully reloaded assembly
- Completed reload, in  3.146 seconds
Platform modules already initialized, skipping
Refreshing native plugins compatible for Editor in 1.76 ms, found 5 plugins.
Preloading 0 native plugins for Editor in 0.00 ms.
Unloading 4 Unused Serialized files (Serialized files now loaded: 0)
System memory in use before: 166.3 MB.
System memory in use after: 166.5 MB.

Unloading 95 unused Assets to reduce memory usage. Loaded Objects now: 6733.
Total: 27.585700 ms (FindLiveObjects: 0.700400 ms CreateObjectMapping: 1.090500 ms MarkObjects: 25.512800 ms  DeleteObjects: 0.281000 ms)

========================================================================
Received Import Request.
  Time since last request: 126.340745 seconds.
  path: Assets/Data/GameDesigner/New Player Settings.asset
  artifactKey: Guid(768130accba379a45bdd50881eb7f377) Importer(815301076,1909f56bfc062723c751e8b465ee728b)
Start importing Assets/Data/GameDesigner/New Player Settings.asset using Guid(768130accba379a45bdd50881eb7f377) Importer(815301076,1909f56bfc062723c751e8b465ee728b)  -> (artifact id: 'a4225fa1cc8720e1f5cccb6a076c63e3') in 0.572270 seconds 
========================================================================
Received Import Request.
  Time since last request: 7.105533 seconds.
  path: Assets/Data/GameDesigner/PlayerSettings.asset
  artifactKey: Guid(768130accba379a45bdd50881eb7f377) Importer(815301076,1909f56bfc062723c751e8b465ee728b)
Start importing Assets/Data/GameDesigner/PlayerSettings.asset using Guid(768130accba379a45bdd50881eb7f377) Importer(815301076,1909f56bfc062723c751e8b465ee728b)  -> (artifact id: '7b1135c8ad1adb66e1dc9ba29e43a7b5') in 0.003885 seconds 
========================================================================
Received Prepare
Registering precompiled user dll's ...
Registered in 0.021757 seconds.
Begin MonoManager ReloadAssembly
Native extension for WindowsStandalone target not found
Refreshing native plugins compatible for Editor in 3.54 ms, found 5 plugins.
Preloading 0 native plugins for Editor in 0.00 ms.
RefreshInfo: StopAssetImportingV2(NoUpdateAssetOptions) scanfilter: 
RefreshProfiler: Total: 0.000ms
RefreshInfo: StopAssetImportingV2(NoUpdateAssetOptions) scanfilter: 
RefreshProfiler: Total: 0.000ms
Mono: successfully reloaded assembly
- Completed reload, in  3.720 seconds
Platform modules already initialized, skipping
Refreshing native plugins compatible for Editor in 2.43 ms, found 5 plugins.
Preloading 0 native plugins for Editor in 0.00 ms.
Unloading 4 Unused Serialized files (Serialized files now loaded: 0)
System memory in use before: 166.3 MB.
System memory in use after: 166.5 MB.

Unloading 95 unused Assets to reduce memory usage. Loaded Objects now: 6736.
Total: 25.490000 ms (FindLiveObjects: 0.555700 ms CreateObjectMapping: 0.412000 ms MarkObjects: 24.236900 ms  DeleteObjects: 0.284000 ms)

========================================================================
Received Import Request.
  Time since last request: 147.302097 seconds.
  path: Assets/Prefabs/Player/Player.prefab
  artifactKey: Guid(a2d01cdb33b9b284484edd3ec9452b25) Importer(815301076,1909f56bfc062723c751e8b465ee728b)
Start importing Assets/Prefabs/Player/Player.prefab using Guid(a2d01cdb33b9b284484edd3ec9452b25) Importer(815301076,1909f56bfc062723c751e8b465ee728b) Launched and connected shader compiler UnityShaderCompiler.exe after 0.09 seconds
Launched and connected shader compiler UnityShaderCompiler.exe after 0.05 seconds
Launched and connected shader compiler UnityShaderCompiler.exe after 0.05 seconds
Launched and connected shader compiler UnityShaderCompiler.exe after 0.05 seconds
Launched and connected shader compiler UnityShaderCompiler.exe after 0.05 seconds
Launched and connected shader compiler UnityShaderCompiler.exe after 0.05 seconds
Launched and connected shader compiler UnityShaderCompiler.exe after 0.05 seconds
 -> (artifact id: 'e34a01d4f6e805003ddec8eaa93a291a') in 2.495658 seconds 
========================================================================
Received Import Request.
  Time since last request: 6.482993 seconds.
  path: Assets/Prefabs/Player/PlayerArcher.prefab
  artifactKey: Guid(a2d01cdb33b9b284484edd3ec9452b25) Importer(815301076,1909f56bfc062723c751e8b465ee728b)
Start importing Assets/Prefabs/Player/PlayerArcher.prefab using Guid(a2d01cdb33b9b284484edd3ec9452b25) Importer(815301076,1909f56bfc062723c751e8b465ee728b)  -> (artifact id: '317141831b1bea182f71cb153ebd1eb0') in 0.886840 seconds 
========================================================================
Received Import Request.
  Time since last request: 707.128819 seconds.
  path: Assets/Prefabs/Player/PlayerArcher 1.prefab
  artifactKey: Guid(3975639de77abd349bb1453b79dff6ea) Importer(815301076,1909f56bfc062723c751e8b465ee728b)
Start importing Assets/Prefabs/Player/PlayerArcher 1.prefab using Guid(3975639de77abd349bb1453b79dff6ea) Importer(815301076,1909f56bfc062723c751e8b465ee728b)  -> (artifact id: 'e4a37ab82201e94474341e43254dfcd8') in 0.838703 seconds 
========================================================================
Received Import Request.
  Time since last request: 5.880364 seconds.
  path: Assets/Prefabs/Player/PlayerWarrior.prefab
  artifactKey: Guid(3975639de77abd349bb1453b79dff6ea) Importer(815301076,1909f56bfc062723c751e8b465ee728b)
Start importing Assets/Prefabs/Player/PlayerWarrior.prefab using Guid(3975639de77abd349bb1453b79dff6ea) Importer(815301076,1909f56bfc062723c751e8b465ee728b)  -> (artifact id: '787494da8d5f6e590a429158623c9dda') in 0.842200 seconds 
========================================================================
Received Import Request.
  Time since last request: 2.804757 seconds.
  path: Assets/Models/Characters/Archer/Mage Red.prefab
  artifactKey: Guid(13ca357e45411aa449512af538c61c22) Importer(815301076,1909f56bfc062723c751e8b465ee728b)
Start importing Assets/Models/Characters/Archer/Mage Red.prefab using Guid(13ca357e45411aa449512af538c61c22) Importer(815301076,1909f56bfc062723c751e8b465ee728b)  -> (artifact id: '0ce23a6edbb214e5e3d64493329f034c') in 0.373361 seconds 
========================================================================
Received Import Request.
  Time since last request: 30.392100 seconds.
  path: Assets/Models/Characters/Archer/Archer Red.prefab
  artifactKey: Guid(0a30f1e035120754f98447192e360de7) Importer(815301076,1909f56bfc062723c751e8b465ee728b)
Start importing Assets/Models/Characters/Archer/Archer Red.prefab using Guid(0a30f1e035120754f98447192e360de7) Importer(815301076,1909f56bfc062723c751e8b465ee728b)  -> (artifact id: '61ddf6b03cb87c611386df0a565dbb52') in 0.817967 seconds 
========================================================================
Received Import Request.
  Time since last request: 127.923232 seconds.
  path: Assets/Scripts/Gameplay/Player/NewBehaviourScript.cs
  artifactKey: Guid(ff1903a28088e3a4cb35a237382e30c8) Importer(815301076,1909f56bfc062723c751e8b465ee728b)
Start importing Assets/Scripts/Gameplay/Player/NewBehaviourScript.cs using Guid(ff1903a28088e3a4cb35a237382e30c8) Importer(815301076,1909f56bfc062723c751e8b465ee728b)  -> (artifact id: 'a9cd3ee1bdc5eb46e3c46b1c72e1d6b1') in 0.002674 seconds 
========================================================================
Received Prepare
Registering precompiled user dll's ...
Registered in 0.013725 seconds.
Begin MonoManager ReloadAssembly
Native extension for WindowsStandalone target not found
Refreshing native plugins compatible for Editor in 1.79 ms, found 5 plugins.
Preloading 0 native plugins for Editor in 0.00 ms.
RefreshInfo: StopAssetImportingV2(NoUpdateAssetOptions) scanfilter: 
RefreshProfiler: Total: 0.000ms
RefreshInfo: StopAssetImportingV2(NoUpdateAssetOptions) scanfilter: 
RefreshProfiler: Total: 0.000ms
Mono: successfully reloaded assembly
- Completed reload, in  2.904 seconds
Platform modules already initialized, skipping
Refreshing native plugins compatible for Editor in 1.95 ms, found 5 plugins.
Preloading 0 native plugins for Editor in 0.00 ms.
Unloading 4 Unused Serialized files (Serialized files now loaded: 0)
System memory in use before: 191.8 MB.
System memory in use after: 192.1 MB.

Unloading 99 unused Assets to reduce memory usage. Loaded Objects now: 6878.
Total: 25.859200 ms (FindLiveObjects: 0.526800 ms CreateObjectMapping: 0.310600 ms MarkObjects: 24.727400 ms  DeleteObjects: 0.293300 ms)

========================================================================
Received Import Request.
  Time since last request: 25.377940 seconds.
  path: Assets/Scripts/Gameplay/Player/ArcherController1.cs
  artifactKey: Guid(c1ed6009d8a239741834f3a510121e5a) Importer(815301076,1909f56bfc062723c751e8b465ee728b)
Start importing Assets/Scripts/Gameplay/Player/ArcherController1.cs using Guid(c1ed6009d8a239741834f3a510121e5a) Importer(815301076,1909f56bfc062723c751e8b465ee728b)  -> (artifact id: 'd4007034dabcedb2b3050006b75b7e8b') in 0.003225 seconds 
========================================================================
Received Import Request.
  Time since last request: 1.102853 seconds.
  path: Assets/Scripts/Gameplay/Player/PlayerStatus.cs
  artifactKey: Guid(f1a87d288b636ef4680596249cd6b196) Importer(815301076,1909f56bfc062723c751e8b465ee728b)
Start importing Assets/Scripts/Gameplay/Player/PlayerStatus.cs using Guid(f1a87d288b636ef4680596249cd6b196) Importer(815301076,1909f56bfc062723c751e8b465ee728b)  -> (artifact id: 'dac49caf8d3e1aa72d9d907633ee5a66') in 0.004180 seconds 
========================================================================
Received Import Request.
  Time since last request: 0.731093 seconds.
  path: Assets/Scripts/Gameplay/Player/ArcherController.cs
  artifactKey: Guid(09a1ce671f8932b4693ee53daa9fce8b) Importer(815301076,1909f56bfc062723c751e8b465ee728b)
Start importing Assets/Scripts/Gameplay/Player/ArcherController.cs using Guid(09a1ce671f8932b4693ee53daa9fce8b) Importer(815301076,1909f56bfc062723c751e8b465ee728b)  -> (artifact id: '541edc8869b4bf355c41bec347b86c4b') in 0.005913 seconds 
========================================================================
Received Import Request.
  Time since last request: 13.961340 seconds.
  path: Assets/Scripts/Gameplay/Player/WarriorController.cs
  artifactKey: Guid(c1ed6009d8a239741834f3a510121e5a) Importer(815301076,1909f56bfc062723c751e8b465ee728b)
Start importing Assets/Scripts/Gameplay/Player/WarriorController.cs using Guid(c1ed6009d8a239741834f3a510121e5a) Importer(815301076,1909f56bfc062723c751e8b465ee728b)  -> (artifact id: 'd3b1cdce23747c4843966c15dbf311c3') in 0.005187 seconds 
========================================================================
Received Prepare
Registering precompiled user dll's ...
Registered in 0.013803 seconds.
Begin MonoManager ReloadAssembly
Native extension for WindowsStandalone target not found
Refreshing native plugins compatible for Editor in 2.02 ms, found 5 plugins.
Preloading 0 native plugins for Editor in 0.00 ms.
RefreshInfo: StopAssetImportingV2(NoUpdateAssetOptions) scanfilter: 
RefreshProfiler: Total: 0.000ms
RefreshInfo: StopAssetImportingV2(NoUpdateAssetOptions) scanfilter: 
RefreshProfiler: Total: 0.000ms
Mono: successfully reloaded assembly
- Completed reload, in  2.938 seconds
Platform modules already initialized, skipping
Refreshing native plugins compatible for Editor in 1.90 ms, found 5 plugins.
Preloading 0 native plugins for Editor in 0.00 ms.
Unloading 5 Unused Serialized files (Serialized files now loaded: 0)
System memory in use before: 191.9 MB.
System memory in use after: 192.1 MB.

Unloading 95 unused Assets to reduce memory usage. Loaded Objects now: 6882.
Total: 28.713200 ms (FindLiveObjects: 0.538800 ms CreateObjectMapping: 0.635700 ms MarkObjects: 27.117200 ms  DeleteObjects: 0.420200 ms)

========================================================================
Received Import Request.
  Time since last request: 60.375907 seconds.
  path: Assets/Scripts/Gameplay/Player/WarriorController.cs
  artifactKey: Guid(c1ed6009d8a239741834f3a510121e5a) Importer(815301076,1909f56bfc062723c751e8b465ee728b)
Start importing Assets/Scripts/Gameplay/Player/WarriorController.cs using Guid(c1ed6009d8a239741834f3a510121e5a) Importer(815301076,1909f56bfc062723c751e8b465ee728b)  -> (artifact id: '9a2fbf631c315fc547f61041d764e3c1') in 0.004132 seconds 
========================================================================
Received Import Request.
  Time since last request: 668.941961 seconds.
  path: Assets/Prefabs/Player/PlayerArcher.prefab
  artifactKey: Guid(a2d01cdb33b9b284484edd3ec9452b25) Importer(815301076,1909f56bfc062723c751e8b465ee728b)
Start importing Assets/Prefabs/Player/PlayerArcher.prefab using Guid(a2d01cdb33b9b284484edd3ec9452b25) Importer(815301076,1909f56bfc062723c751e8b465ee728b)  -> (artifact id: '4afcd31aa029d702aaa154b0aa58ebe7') in 1.708688 seconds 
========================================================================
Received Import Request.
  Time since last request: 0.000412 seconds.
  path: Assets/Prefabs/Player/PlayerWarrior.prefab
  artifactKey: Guid(3975639de77abd349bb1453b79dff6ea) Importer(815301076,1909f56bfc062723c751e8b465ee728b)
Start importing Assets/Prefabs/Player/PlayerWarrior.prefab using Guid(3975639de77abd349bb1453b79dff6ea) Importer(815301076,1909f56bfc062723c751e8b465ee728b)  -> (artifact id: '0d1142759f30906d72dcd38a6b181096') in 0.148836 seconds 
AssetImportWorkerClient::OnTransportError - code=2 error=End of file
